#
# There is insufficient memory for the Java Runtime Environment to continue.
# Native memory allocation (mmap) failed to map 520093696 bytes for G1 virtual space
# Possible reasons:
#   The system is out of physical RAM or swap space
#   The process is running with CompressedOops enabled, and the Java Heap may be blocking the growth of the native heap
# Possible solutions:
#   Reduce memory load on the system
#   Increase physical memory or swap space
#   Check if swap backing store is full
#   Decrease Java heap size (-Xmx/-Xms)
#   Decrease number of Java threads
#   Decrease Java thread stack sizes (-Xss)
#   Set larger code cache with -XX:ReservedCodeCacheSize=
#   JVM is running with Zero Based Compressed Oops mode in which the Java heap is
#     placed in the first 32GB address space. The Java Heap base address is the
#     maximum limit for the native heap growth. Please use -XX:HeapBaseMinAddress
#     to set the Java Heap base and to place the Java Heap above 32GB virtual address.
# This output file may be truncated or incomplete.
#
#  Out of Memory Error (os_windows.cpp:3535), pid=20728, tid=15516
#
# JRE version: Java(TM) SE Runtime Environment (17.0.3.1+2) (build 17.0.3.1+2-LTS-6)
# Java VM: Java HotSpot(TM) 64-Bit Server VM (17.0.3.1+2-LTS-6, mixed mode, sharing, tiered, compressed oops, compressed class ptrs, g1 gc, windows-amd64)
# No core dump will be written. Minidumps are not enabled by default on client versions of Windows
#

---------------  S U M M A R Y ------------

Command Line: -javaagent:F:\Program Files\JetBrains\IntelliJ IDEA Community Edition 2022.3.1\lib\idea_rt.jar=63530:F:\Program Files\JetBrains\IntelliJ IDEA Community Edition 2022.3.1\bin -Dfile.encoding=UTF-8 -Djava.net.preferIPv4Stack=true com.doyatama.university.UniversityExamApplication

Host: Intel(R) Core(TM) i5-10500H CPU @ 2.50GHz, 12 cores, 15G,  Windows 11 , 64 bit Build 22621 (10.0.22621.1778)
Time: Tue Jun 27 13:57:23 2023 SE Asia Standard Time elapsed time: 87.093566 seconds (0d 0h 1m 27s)

---------------  T H R E A D  ---------------

Current thread (0x0000028ada997820):  VMThread "VM Thread" [stack: 0x000000e126400000,0x000000e126500000] [id=15516]

Stack: [0x000000e126400000,0x000000e126500000]
Native frames: (J=compiled Java code, j=interpreted, Vv=VM code, C=native code)
V  [jvm.dll+0x6711ba]
V  [jvm.dll+0x7d0834]
V  [jvm.dll+0x7d1fde]
V  [jvm.dll+0x7d2643]
V  [jvm.dll+0x242c85]
V  [jvm.dll+0x66e0d9]
V  [jvm.dll+0x662a22]
V  [jvm.dll+0x300ddb]
V  [jvm.dll+0x308376]
V  [jvm.dll+0x357f7e]
V  [jvm.dll+0x3581af]
V  [jvm.dll+0x2d7ff8]
V  [jvm.dll+0x2d62c4]
V  [jvm.dll+0x2d58cc]
V  [jvm.dll+0x31933b]
V  [jvm.dll+0x7d6b1b]
V  [jvm.dll+0x7d7854]
V  [jvm.dll+0x7d7d6c]
V  [jvm.dll+0x7d8144]
V  [jvm.dll+0x7d8210]
V  [jvm.dll+0x780aca]
V  [jvm.dll+0x670045]
C  [ucrtbase.dll+0x29363]
C  [KERNEL32.DLL+0x126ad]
C  [ntdll.dll+0x5a9f8]

VM_Operation (0x000000e125df8e30): G1CollectForAllocation, mode: safepoint, requested by thread 0x0000028ae1770020


---------------  P R O C E S S  ---------------

Threads class SMR info:
_java_thread_list=0x0000028ae12e94c0, length=24, elements={
0x0000028ada99e2d0, 0x0000028ada99ee80, 0x0000028adb404cd0, 0x0000028adb405790,
0x0000028adb406550, 0x0000028adb406f00, 0x0000028adb407c90, 0x0000028adb408730,
0x0000028adb41abc0, 0x0000028adb512930, 0x0000028adb7f97c0, 0x0000028adb77cba0,
0x0000028adfdae040, 0x0000028addf43c50, 0x0000028ae1620380, 0x0000028ae0cb27d0,
0x0000028add757d00, 0x0000028add7586a0, 0x0000028add758b70, 0x0000028add7599e0,
0x0000028add759eb0, 0x0000028ae1770020, 0x0000028adbafc6f0, 0x0000028adc9d25b0
}

Java Threads: ( => current thread )
  0x0000028ada99e2d0 JavaThread "Reference Handler" daemon [_thread_blocked, id=25816, stack(0x000000e126500000,0x000000e126600000)]
  0x0000028ada99ee80 JavaThread "Finalizer" daemon [_thread_blocked, id=14608, stack(0x000000e126600000,0x000000e126700000)]
  0x0000028adb404cd0 JavaThread "Signal Dispatcher" daemon [_thread_blocked, id=21592, stack(0x000000e126700000,0x000000e126800000)]
  0x0000028adb405790 JavaThread "Attach Listener" daemon [_thread_blocked, id=24640, stack(0x000000e126800000,0x000000e126900000)]
  0x0000028adb406550 JavaThread "Service Thread" daemon [_thread_blocked, id=30188, stack(0x000000e126900000,0x000000e126a00000)]
  0x0000028adb406f00 JavaThread "Monitor Deflation Thread" daemon [_thread_blocked, id=25532, stack(0x000000e126a00000,0x000000e126b00000)]
  0x0000028adb407c90 JavaThread "C2 CompilerThread0" daemon [_thread_blocked, id=1868, stack(0x000000e126b00000,0x000000e126c00000)]
  0x0000028adb408730 JavaThread "C1 CompilerThread0" daemon [_thread_blocked, id=31296, stack(0x000000e126c00000,0x000000e126d00000)]
  0x0000028adb41abc0 JavaThread "Sweeper thread" daemon [_thread_blocked, id=1192, stack(0x000000e126d00000,0x000000e126e00000)]
  0x0000028adb512930 JavaThread "Common-Cleaner" daemon [_thread_blocked, id=172, stack(0x000000e126e00000,0x000000e126f00000)]
  0x0000028adb7f97c0 JavaThread "Monitor Ctrl-Break" daemon [_thread_in_native, id=4120, stack(0x000000e126f00000,0x000000e127000000)]
  0x0000028adb77cba0 JavaThread "Notification Thread" daemon [_thread_blocked, id=14624, stack(0x000000e127000000,0x000000e127100000)]
  0x0000028adfdae040 JavaThread "mysql-cj-abandoned-connection-cleanup" daemon [_thread_blocked, id=9700, stack(0x000000e127f00000,0x000000e128000000)]
  0x0000028addf43c50 JavaThread "HikariPool-1 housekeeper" daemon [_thread_blocked, id=10512, stack(0x000000e128100000,0x000000e128200000)]
  0x0000028ae1620380 JavaThread "Catalina-utility-1" [_thread_blocked, id=27104, stack(0x000000e128300000,0x000000e128400000)]
  0x0000028ae0cb27d0 JavaThread "Catalina-utility-2" [_thread_blocked, id=6672, stack(0x000000e128400000,0x000000e128500000)]
  0x0000028add757d00 JavaThread "container-0" [_thread_blocked, id=13216, stack(0x000000e128500000,0x000000e128600000)]
  0x0000028add7586a0 JavaThread "http-nio-8080-Poller" daemon [_thread_in_native, id=15820, stack(0x000000e128600000,0x000000e128700000)]
  0x0000028add758b70 JavaThread "http-nio-8080-Acceptor" daemon [_thread_in_native, id=9712, stack(0x000000e128700000,0x000000e128800000)]
  0x0000028add7599e0 JavaThread "DestroyJavaVM" [_thread_blocked, id=7156, stack(0x000000e125e00000,0x000000e125f00000)]
  0x0000028add759eb0 JavaThread "http-nio-8080-exec-1" daemon [_thread_blocked, id=18600, stack(0x000000e125b00000,0x000000e125c00000)]
  0x0000028ae1770020 JavaThread "http-nio-8080-exec-2" daemon [_thread_blocked, id=2612, stack(0x000000e125d00000,0x000000e125e00000)]
  0x0000028adbafc6f0 JavaThread "C2 CompilerThread1" daemon [_thread_blocked, id=30444, stack(0x000000e125c00000,0x000000e125d00000)]
  0x0000028adc9d25b0 JavaThread "C2 CompilerThread2" daemon [_thread_blocked, id=30808, stack(0x000000e128200000,0x000000e128300000)]

Other Threads:
=>0x0000028ada997820 VMThread "VM Thread" [stack: 0x000000e126400000,0x000000e126500000] [id=15516]
  0x0000028adb7f9c90 WatcherThread [stack: 0x000000e127100000,0x000000e127200000] [id=27040]
  0x0000028ab7958b70 GCTaskThread "GC Thread#0" [stack: 0x000000e125f00000,0x000000e126000000] [id=30824]
  0x0000028adc5fcc50 GCTaskThread "GC Thread#1" [stack: 0x000000e127400000,0x000000e127500000] [id=5112]
  0x0000028adbb98420 GCTaskThread "GC Thread#2" [stack: 0x000000e127500000,0x000000e127600000] [id=26476]
  0x0000028adbb986d0 GCTaskThread "GC Thread#3" [stack: 0x000000e127600000,0x000000e127700000] [id=15176]
  0x0000028adc057ac0 GCTaskThread "GC Thread#4" [stack: 0x000000e127700000,0x000000e127800000] [id=17204]
  0x0000028adc057d70 GCTaskThread "GC Thread#5" [stack: 0x000000e127800000,0x000000e127900000] [id=30984]
  0x0000028adc406380 GCTaskThread "GC Thread#6" [stack: 0x000000e127900000,0x000000e127a00000] [id=15868]
  0x0000028adbe04220 GCTaskThread "GC Thread#7" [stack: 0x000000e127b00000,0x000000e127c00000] [id=29460]
  0x0000028adc740780 GCTaskThread "GC Thread#8" [stack: 0x000000e127c00000,0x000000e127d00000] [id=16936]
  0x0000028adccf9420 GCTaskThread "GC Thread#9" [stack: 0x000000e127d00000,0x000000e127e00000] [id=29956]
  0x0000028ab7969950 ConcurrentGCThread "G1 Main Marker" [stack: 0x000000e126000000,0x000000e126100000] [id=5684]
  0x0000028ab796a360 ConcurrentGCThread "G1 Conc#0" [stack: 0x000000e126100000,0x000000e126200000] [id=26516]
  0x0000028add16e080 ConcurrentGCThread "G1 Conc#1" [stack: 0x000000e127a00000,0x000000e127b00000] [id=18280]
  0x0000028add16e5e0 ConcurrentGCThread "G1 Conc#2" [stack: 0x000000e127e00000,0x000000e127f00000] [id=15200]
  0x0000028ab79ae710 ConcurrentGCThread "G1 Refine#0" [stack: 0x000000e126200000,0x000000e126300000] [id=4116]
  0x0000028adf905f40 ConcurrentGCThread "G1 Refine#1" [stack: 0x000000e128800000,0x000000e128900000] [id=18352]
  0x0000028adf906500 ConcurrentGCThread "G1 Refine#2" [stack: 0x000000e128900000,0x000000e128a00000] [id=19744]
  0x0000028adf906220 ConcurrentGCThread "G1 Refine#3" [stack: 0x000000e128a00000,0x000000e128b00000] [id=21820]
  0x0000028adf907080 ConcurrentGCThread "G1 Refine#4" [stack: 0x000000e128b00000,0x000000e128c00000] [id=22580]
  0x0000028ae2d7e8c0 ConcurrentGCThread "G1 Refine#5" [stack: 0x000000e128c00000,0x000000e128d00000] [id=30896]
  0x0000028ae2d7eba0 ConcurrentGCThread "G1 Refine#6" [stack: 0x000000e128d00000,0x000000e128e00000] [id=28156]
  0x0000028ae2d7c360 ConcurrentGCThread "G1 Refine#7" [stack: 0x000000e128e00000,0x000000e128f00000] [id=15548]
  0x0000028ae2d7c640 ConcurrentGCThread "G1 Refine#8" [stack: 0x000000e128f00000,0x000000e129000000] [id=14232]
  0x0000028ae2d7c080 ConcurrentGCThread "G1 Refine#9" [stack: 0x000000e129000000,0x000000e129100000] [id=1240]
  0x0000028ada850160 ConcurrentGCThread "G1 Service" [stack: 0x000000e126300000,0x000000e126400000] [id=28764]

Threads with active compile tasks:
C2 CompilerThread0    87125 8378       4       org.hibernate.loader.Loader::getRowFromResultSet (202 bytes)

VM state: at safepoint (normal execution)

VM Mutex/Monitor currently owned by a thread:  ([mutex/lock_event])
[0x0000028ab78ea640] Threads_lock - owner thread: 0x0000028ada997820
[0x0000028ab78eab50] Heap_lock - owner thread: 0x0000028ae1770020

Heap address: 0x0000000702c00000, size: 4052 MB, Compressed Oops mode: Zero based, Oop shift amount: 3

CDS archive(s) mapped at: [0x0000000800000000-0x0000000800bc0000-0x0000000800bc0000), size 12320768, SharedBaseAddress: 0x0000000800000000, ArchiveRelocationMode: 0.
Compressed class space mapped at: 0x0000000800c00000-0x0000000840c00000, reserved size: 1073741824
Narrow klass base: 0x0000000800000000, Narrow klass shift: 0, Narrow klass range: 0x100000000

GC Precious Log:
 CPUs: 12 total, 12 available
 Memory: 16205M
 Large Page Support: Disabled
 NUMA Support: Disabled
 Compressed Oops: Enabled (Zero based)
 Heap Region Size: 2M
 Heap Min Capacity: 8M
 Heap Initial Capacity: 254M
 Heap Max Capacity: 4052M
 Pre-touch: Disabled
 Parallel Workers: 10
 Concurrent Workers: 3
 Concurrent Refinement Workers: 10
 Periodic GC: Disabled

Heap:
 garbage-first heap   total 583680K, used 440480K [0x0000000702c00000, 0x0000000800000000)
  region size 2048K, 4 young (8192K), 4 survivors (8192K)
 Metaspace       used 65278K, committed 65728K, reserved 1105920K
  class space    used 8662K, committed 8896K, reserved 1048576K

Heap Regions: E=young(eden), S=young(survivor), O=old, HS=humongous(starts), HC=humongous(continues), CS=collection set, F=free, OA=open archive, CA=closed archive, TAMS=top-at-mark-start (previous, next)
|   0|0x0000000702c00000, 0x0000000702e00000, 0x0000000702e00000|100%| O|  |TAMS 0x0000000702e00000, 0x0000000702c00000| Untracked 
|   1|0x0000000702e00000, 0x0000000703000000, 0x0000000703000000|100%| O|  |TAMS 0x0000000703000000, 0x0000000702e00000| Untracked 
|   2|0x0000000703000000, 0x0000000703200000, 0x0000000703200000|100%| O|  |TAMS 0x0000000703200000, 0x0000000703000000| Untracked 
|   3|0x0000000703200000, 0x0000000703400000, 0x0000000703400000|100%| O|  |TAMS 0x0000000703400000, 0x0000000703200000| Untracked 
|   4|0x0000000703400000, 0x0000000703600000, 0x0000000703600000|100%| O|  |TAMS 0x0000000703600000, 0x0000000703400000| Untracked 
|   5|0x0000000703600000, 0x0000000703800000, 0x0000000703800000|100%| O|  |TAMS 0x0000000703800000, 0x0000000703600000| Untracked 
|   6|0x0000000703800000, 0x0000000703a00000, 0x0000000703a00000|100%| O|  |TAMS 0x0000000703a00000, 0x0000000703800000| Untracked 
|   7|0x0000000703a00000, 0x0000000703c00000, 0x0000000703c00000|100%| O|  |TAMS 0x0000000703c00000, 0x0000000703a00000| Untracked 
|   8|0x0000000703c00000, 0x0000000703e00000, 0x0000000703e00000|100%| O|  |TAMS 0x0000000703e00000, 0x0000000703c00000| Untracked 
|   9|0x0000000703e00000, 0x0000000704000000, 0x0000000704000000|100%| O|  |TAMS 0x0000000704000000, 0x0000000703e00000| Untracked 
|  10|0x0000000704000000, 0x0000000704200000, 0x0000000704200000|100%| O|  |TAMS 0x0000000704200000, 0x0000000704000000| Untracked 
|  11|0x0000000704200000, 0x0000000704400000, 0x0000000704400000|100%| O|  |TAMS 0x0000000704400000, 0x0000000704200000| Untracked 
|  12|0x0000000704400000, 0x00000007045f0a00, 0x0000000704600000| 96%| O|  |TAMS 0x00000007045f0a00, 0x0000000704400000| Untracked 
|  13|0x0000000704600000, 0x0000000704800000, 0x0000000704800000|100%| O|  |TAMS 0x0000000704800000, 0x0000000704600000| Untracked 
|  14|0x0000000704800000, 0x0000000704a00000, 0x0000000704a00000|100%| O|  |TAMS 0x0000000704a00000, 0x0000000704800000| Untracked 
|  15|0x0000000704a00000, 0x0000000704c00000, 0x0000000704c00000|100%| O|  |TAMS 0x0000000704c00000, 0x0000000704a00000| Untracked 
|  16|0x0000000704c00000, 0x0000000704e00000, 0x0000000704e00000|100%| O|  |TAMS 0x0000000704e00000, 0x0000000704c00000| Untracked 
|  17|0x0000000704e00000, 0x0000000705000000, 0x0000000705000000|100%| O|  |TAMS 0x0000000705000000, 0x0000000704e00000| Untracked 
|  18|0x0000000705000000, 0x0000000705200000, 0x0000000705200000|100%| O|  |TAMS 0x0000000705200000, 0x0000000705000000| Untracked 
|  19|0x0000000705200000, 0x0000000705400000, 0x0000000705400000|100%| O|  |TAMS 0x0000000705400000, 0x0000000705200000| Untracked 
|  20|0x0000000705400000, 0x0000000705600000, 0x0000000705600000|100%| O|  |TAMS 0x0000000705600000, 0x0000000705400000| Untracked 
|  21|0x0000000705600000, 0x0000000705800000, 0x0000000705800000|100%| O|  |TAMS 0x0000000705800000, 0x0000000705600000| Untracked 
|  22|0x0000000705800000, 0x0000000705a00000, 0x0000000705a00000|100%| O|  |TAMS 0x0000000705a00000, 0x0000000705800000| Untracked 
|  23|0x0000000705a00000, 0x0000000705c00000, 0x0000000705c00000|100%| O|  |TAMS 0x0000000705c00000, 0x0000000705a00000| Untracked 
|  24|0x0000000705c00000, 0x0000000705e00000, 0x0000000705e00000|100%| O|  |TAMS 0x0000000705e00000, 0x0000000705c00000| Untracked 
|  25|0x0000000705e00000, 0x0000000706000000, 0x0000000706000000|100%| O|  |TAMS 0x0000000706000000, 0x0000000705e00000| Untracked 
|  26|0x0000000706000000, 0x0000000706200000, 0x0000000706200000|100%| O|  |TAMS 0x0000000706200000, 0x0000000706000000| Untracked 
|  27|0x0000000706200000, 0x0000000706400000, 0x0000000706400000|100%| O|  |TAMS 0x0000000706400000, 0x0000000706200000| Untracked 
|  28|0x0000000706400000, 0x0000000706600000, 0x0000000706600000|100%| O|  |TAMS 0x0000000706600000, 0x0000000706400000| Untracked 
|  29|0x0000000706600000, 0x0000000706800000, 0x0000000706800000|100%| O|  |TAMS 0x0000000706800000, 0x0000000706600000| Untracked 
|  30|0x0000000706800000, 0x0000000706a00000, 0x0000000706a00000|100%| O|  |TAMS 0x0000000706a00000, 0x0000000706800000| Untracked 
|  31|0x0000000706a00000, 0x0000000706c00000, 0x0000000706c00000|100%| O|  |TAMS 0x0000000706c00000, 0x0000000706a00000| Untracked 
|  32|0x0000000706c00000, 0x0000000706e00000, 0x0000000706e00000|100%| O|  |TAMS 0x0000000706e00000, 0x0000000706c00000| Untracked 
|  33|0x0000000706e00000, 0x0000000707000000, 0x0000000707000000|100%| O|  |TAMS 0x0000000707000000, 0x0000000706e00000| Untracked 
|  34|0x0000000707000000, 0x0000000707200000, 0x0000000707200000|100%| O|  |TAMS 0x0000000707200000, 0x0000000707000000| Untracked 
|  35|0x0000000707200000, 0x0000000707400000, 0x0000000707400000|100%| O|  |TAMS 0x0000000707400000, 0x0000000707200000| Untracked 
|  36|0x0000000707400000, 0x0000000707600000, 0x0000000707600000|100%| O|  |TAMS 0x0000000707600000, 0x0000000707400000| Untracked 
|  37|0x0000000707600000, 0x0000000707800000, 0x0000000707800000|100%| O|  |TAMS 0x0000000707800000, 0x0000000707600000| Untracked 
|  38|0x0000000707800000, 0x0000000707a00000, 0x0000000707a00000|100%| O|  |TAMS 0x0000000707a00000, 0x0000000707800000| Untracked 
|  39|0x0000000707a00000, 0x0000000707c00000, 0x0000000707c00000|100%| O|  |TAMS 0x0000000707c00000, 0x0000000707a00000| Untracked 
|  40|0x0000000707c00000, 0x0000000707e00000, 0x0000000707e00000|100%| O|  |TAMS 0x0000000707e00000, 0x0000000707c00000| Untracked 
|  41|0x0000000707e00000, 0x0000000708000000, 0x0000000708000000|100%| O|  |TAMS 0x0000000708000000, 0x0000000707e00000| Untracked 
|  42|0x0000000708000000, 0x0000000708200000, 0x0000000708200000|100%| O|  |TAMS 0x0000000708200000, 0x0000000708000000| Untracked 
|  43|0x0000000708200000, 0x0000000708400000, 0x0000000708400000|100%| O|  |TAMS 0x0000000708400000, 0x0000000708200000| Untracked 
|  44|0x0000000708400000, 0x0000000708600000, 0x0000000708600000|100%| O|  |TAMS 0x0000000708600000, 0x0000000708400000| Untracked 
|  45|0x0000000708600000, 0x0000000708800000, 0x0000000708800000|100%| O|  |TAMS 0x0000000708800000, 0x0000000708600000| Untracked 
|  46|0x0000000708800000, 0x0000000708a00000, 0x0000000708a00000|100%| O|  |TAMS 0x0000000708a00000, 0x0000000708800000| Untracked 
|  47|0x0000000708a00000, 0x0000000708c00000, 0x0000000708c00000|100%| O|  |TAMS 0x0000000708c00000, 0x0000000708a00000| Untracked 
|  48|0x0000000708c00000, 0x0000000708e00000, 0x0000000708e00000|100%| O|  |TAMS 0x0000000708e00000, 0x0000000708c00000| Untracked 
|  49|0x0000000708e00000, 0x0000000709000000, 0x0000000709000000|100%| O|  |TAMS 0x0000000709000000, 0x0000000708e00000| Untracked 
|  50|0x0000000709000000, 0x0000000709200000, 0x0000000709200000|100%| O|  |TAMS 0x0000000709200000, 0x0000000709000000| Untracked 
|  51|0x0000000709200000, 0x0000000709400000, 0x0000000709400000|100%| O|  |TAMS 0x0000000709400000, 0x0000000709200000| Untracked 
|  52|0x0000000709400000, 0x0000000709600000, 0x0000000709600000|100%| O|  |TAMS 0x0000000709600000, 0x0000000709400000| Untracked 
|  53|0x0000000709600000, 0x0000000709800000, 0x0000000709800000|100%| O|  |TAMS 0x0000000709800000, 0x0000000709600000| Untracked 
|  54|0x0000000709800000, 0x0000000709a00000, 0x0000000709a00000|100%| O|  |TAMS 0x0000000709a00000, 0x0000000709800000| Untracked 
|  55|0x0000000709a00000, 0x0000000709c00000, 0x0000000709c00000|100%| O|  |TAMS 0x0000000709c00000, 0x0000000709a00000| Untracked 
|  56|0x0000000709c00000, 0x0000000709e00000, 0x0000000709e00000|100%| O|  |TAMS 0x0000000709e00000, 0x0000000709c00000| Untracked 
|  57|0x0000000709e00000, 0x000000070a000000, 0x000000070a000000|100%| O|  |TAMS 0x000000070a000000, 0x0000000709e00000| Untracked 
|  58|0x000000070a000000, 0x000000070a200000, 0x000000070a200000|100%| O|  |TAMS 0x000000070a200000, 0x000000070a000000| Untracked 
|  59|0x000000070a200000, 0x000000070a400000, 0x000000070a400000|100%| O|  |TAMS 0x000000070a400000, 0x000000070a200000| Untracked 
|  60|0x000000070a400000, 0x000000070a600000, 0x000000070a600000|100%| O|  |TAMS 0x000000070a600000, 0x000000070a400000| Untracked 
|  61|0x000000070a600000, 0x000000070a800000, 0x000000070a800000|100%| O|  |TAMS 0x000000070a800000, 0x000000070a600000| Untracked 
|  62|0x000000070a800000, 0x000000070aa00000, 0x000000070aa00000|100%| O|  |TAMS 0x000000070aa00000, 0x000000070a800000| Untracked 
|  63|0x000000070aa00000, 0x000000070ac00000, 0x000000070ac00000|100%| O|  |TAMS 0x000000070ac00000, 0x000000070aa00000| Untracked 
|  64|0x000000070ac00000, 0x000000070ae00000, 0x000000070ae00000|100%| O|  |TAMS 0x000000070ae00000, 0x000000070ac00000| Untracked 
|  65|0x000000070ae00000, 0x000000070b000000, 0x000000070b000000|100%| O|  |TAMS 0x000000070b000000, 0x000000070ae00000| Untracked 
|  66|0x000000070b000000, 0x000000070b200000, 0x000000070b200000|100%| O|  |TAMS 0x000000070b200000, 0x000000070b000000| Untracked 
|  67|0x000000070b200000, 0x000000070b400000, 0x000000070b400000|100%| O|  |TAMS 0x000000070b400000, 0x000000070b200000| Untracked 
|  68|0x000000070b400000, 0x000000070b600000, 0x000000070b600000|100%| O|  |TAMS 0x000000070b600000, 0x000000070b400000| Untracked 
|  69|0x000000070b600000, 0x000000070b800000, 0x000000070b800000|100%| O|  |TAMS 0x000000070b800000, 0x000000070b600000| Untracked 
|  70|0x000000070b800000, 0x000000070ba00000, 0x000000070ba00000|100%| O|  |TAMS 0x000000070ba00000, 0x000000070b800000| Untracked 
|  71|0x000000070ba00000, 0x000000070bc00000, 0x000000070bc00000|100%| O|  |TAMS 0x000000070bc00000, 0x000000070ba00000| Untracked 
|  72|0x000000070bc00000, 0x000000070be00000, 0x000000070be00000|100%| O|  |TAMS 0x000000070be00000, 0x000000070bc00000| Untracked 
|  73|0x000000070be00000, 0x000000070c000000, 0x000000070c000000|100%| O|  |TAMS 0x000000070c000000, 0x000000070be00000| Untracked 
|  74|0x000000070c000000, 0x000000070c200000, 0x000000070c200000|100%| O|  |TAMS 0x000000070c200000, 0x000000070c000000| Untracked 
|  75|0x000000070c200000, 0x000000070c400000, 0x000000070c400000|100%| O|  |TAMS 0x000000070c400000, 0x000000070c200000| Untracked 
|  76|0x000000070c400000, 0x000000070c600000, 0x000000070c600000|100%| O|  |TAMS 0x000000070c600000, 0x000000070c400000| Untracked 
|  77|0x000000070c600000, 0x000000070c800000, 0x000000070c800000|100%| O|  |TAMS 0x000000070c800000, 0x000000070c600000| Untracked 
|  78|0x000000070c800000, 0x000000070ca00000, 0x000000070ca00000|100%| O|  |TAMS 0x000000070ca00000, 0x000000070c800000| Untracked 
|  79|0x000000070ca00000, 0x000000070cc00000, 0x000000070cc00000|100%| O|  |TAMS 0x000000070cc00000, 0x000000070ca00000| Untracked 
|  80|0x000000070cc00000, 0x000000070ce00000, 0x000000070ce00000|100%| O|  |TAMS 0x000000070ce00000, 0x000000070cc00000| Untracked 
|  81|0x000000070ce00000, 0x000000070d000000, 0x000000070d000000|100%| O|  |TAMS 0x000000070d000000, 0x000000070ce00000| Untracked 
|  82|0x000000070d000000, 0x000000070d200000, 0x000000070d200000|100%| O|  |TAMS 0x000000070d200000, 0x000000070d000000| Untracked 
|  83|0x000000070d200000, 0x000000070d400000, 0x000000070d400000|100%| O|  |TAMS 0x000000070d400000, 0x000000070d200000| Untracked 
|  84|0x000000070d400000, 0x000000070d600000, 0x000000070d600000|100%| O|  |TAMS 0x000000070d400000, 0x000000070d400000| Untracked 
|  85|0x000000070d600000, 0x000000070d800000, 0x000000070d800000|100%| O|  |TAMS 0x000000070d600000, 0x000000070d600000| Untracked 
|  86|0x000000070d800000, 0x000000070da00000, 0x000000070da00000|100%| O|  |TAMS 0x000000070da00000, 0x000000070d800000| Untracked 
|  87|0x000000070da00000, 0x000000070dc00000, 0x000000070dc00000|100%| O|  |TAMS 0x000000070dc00000, 0x000000070da00000| Untracked 
|  88|0x000000070dc00000, 0x000000070de00000, 0x000000070de00000|100%| O|  |TAMS 0x000000070de00000, 0x000000070dc00000| Untracked 
|  89|0x000000070de00000, 0x000000070e000000, 0x000000070e000000|100%| O|  |TAMS 0x000000070e000000, 0x000000070de00000| Untracked 
|  90|0x000000070e000000, 0x000000070e200000, 0x000000070e200000|100%| O|  |TAMS 0x000000070e200000, 0x000000070e000000| Untracked 
|  91|0x000000070e200000, 0x000000070e400000, 0x000000070e400000|100%| O|  |TAMS 0x000000070e400000, 0x000000070e200000| Untracked 
|  92|0x000000070e400000, 0x000000070e600000, 0x000000070e600000|100%| O|  |TAMS 0x000000070e600000, 0x000000070e400000| Untracked 
|  93|0x000000070e600000, 0x000000070e800000, 0x000000070e800000|100%| O|  |TAMS 0x000000070e800000, 0x000000070e600000| Untracked 
|  94|0x000000070e800000, 0x000000070ea00000, 0x000000070ea00000|100%| O|  |TAMS 0x000000070ea00000, 0x000000070e800000| Untracked 
|  95|0x000000070ea00000, 0x000000070ec00000, 0x000000070ec00000|100%| O|  |TAMS 0x000000070ec00000, 0x000000070ea00000| Untracked 
|  96|0x000000070ec00000, 0x000000070ee00000, 0x000000070ee00000|100%| O|  |TAMS 0x000000070ee00000, 0x000000070ec00000| Untracked 
|  97|0x000000070ee00000, 0x000000070f000000, 0x000000070f000000|100%| O|  |TAMS 0x000000070f000000, 0x000000070ee00000| Untracked 
|  98|0x000000070f000000, 0x000000070f200000, 0x000000070f200000|100%| O|  |TAMS 0x000000070f200000, 0x000000070f000000| Untracked 
|  99|0x000000070f200000, 0x000000070f400000, 0x000000070f400000|100%| O|  |TAMS 0x000000070f400000, 0x000000070f200000| Untracked 
| 100|0x000000070f400000, 0x000000070f600000, 0x000000070f600000|100%| O|  |TAMS 0x000000070f600000, 0x000000070f400000| Untracked 
| 101|0x000000070f600000, 0x000000070f800000, 0x000000070f800000|100%| O|  |TAMS 0x000000070f800000, 0x000000070f600000| Untracked 
| 102|0x000000070f800000, 0x000000070fa00000, 0x000000070fa00000|100%| O|  |TAMS 0x000000070fa00000, 0x000000070f800000| Untracked 
| 103|0x000000070fa00000, 0x000000070fc00000, 0x000000070fc00000|100%| O|  |TAMS 0x000000070fc00000, 0x000000070fa00000| Untracked 
| 104|0x000000070fc00000, 0x000000070fe00000, 0x000000070fe00000|100%| O|  |TAMS 0x000000070fe00000, 0x000000070fc00000| Untracked 
| 105|0x000000070fe00000, 0x0000000710000000, 0x0000000710000000|100%| O|  |TAMS 0x0000000710000000, 0x000000070fe00000| Untracked 
| 106|0x0000000710000000, 0x0000000710200000, 0x0000000710200000|100%| O|  |TAMS 0x0000000710200000, 0x0000000710000000| Untracked 
| 107|0x0000000710200000, 0x0000000710400000, 0x0000000710400000|100%| O|  |TAMS 0x0000000710400000, 0x0000000710200000| Untracked 
| 108|0x0000000710400000, 0x0000000710600000, 0x0000000710600000|100%| O|  |TAMS 0x0000000710400000, 0x0000000710400000| Untracked 
| 109|0x0000000710600000, 0x0000000710800000, 0x0000000710800000|100%| O|  |TAMS 0x0000000710800000, 0x0000000710600000| Untracked 
| 110|0x0000000710800000, 0x0000000710a00000, 0x0000000710a00000|100%| O|  |TAMS 0x0000000710a00000, 0x0000000710800000| Untracked 
| 111|0x0000000710a00000, 0x0000000710c00000, 0x0000000710c00000|100%| O|  |TAMS 0x0000000710c00000, 0x0000000710a00000| Untracked 
| 112|0x0000000710c00000, 0x0000000710e00000, 0x0000000710e00000|100%| O|  |TAMS 0x0000000710e00000, 0x0000000710c00000| Untracked 
| 113|0x0000000710e00000, 0x0000000711000000, 0x0000000711000000|100%| O|  |TAMS 0x0000000711000000, 0x0000000710e00000| Untracked 
| 114|0x0000000711000000, 0x0000000711200000, 0x0000000711200000|100%| O|  |TAMS 0x0000000711200000, 0x0000000711000000| Untracked 
| 115|0x0000000711200000, 0x0000000711400000, 0x0000000711400000|100%| O|  |TAMS 0x0000000711200000, 0x0000000711200000| Untracked 
| 116|0x0000000711400000, 0x0000000711600000, 0x0000000711600000|100%| O|  |TAMS 0x0000000711600000, 0x0000000711400000| Untracked 
| 117|0x0000000711600000, 0x0000000711800000, 0x0000000711800000|100%| O|  |TAMS 0x0000000711800000, 0x0000000711600000| Untracked 
| 118|0x0000000711800000, 0x0000000711a00000, 0x0000000711a00000|100%| O|  |TAMS 0x0000000711a00000, 0x0000000711800000| Untracked 
| 119|0x0000000711a00000, 0x0000000711c00000, 0x0000000711c00000|100%| O|  |TAMS 0x0000000711c00000, 0x0000000711a00000| Untracked 
| 120|0x0000000711c00000, 0x0000000711e00000, 0x0000000711e00000|100%| O|  |TAMS 0x0000000711e00000, 0x0000000711c00000| Untracked 
| 121|0x0000000711e00000, 0x0000000712000000, 0x0000000712000000|100%| O|  |TAMS 0x0000000712000000, 0x0000000711e00000| Untracked 
| 122|0x0000000712000000, 0x0000000712200000, 0x0000000712200000|100%| O|  |TAMS 0x0000000712200000, 0x0000000712000000| Untracked 
| 123|0x0000000712200000, 0x0000000712400000, 0x0000000712400000|100%| O|  |TAMS 0x0000000712400000, 0x0000000712200000| Untracked 
| 124|0x0000000712400000, 0x0000000712600000, 0x0000000712600000|100%| O|  |TAMS 0x0000000712400000, 0x0000000712400000| Untracked 
| 125|0x0000000712600000, 0x0000000712800000, 0x0000000712800000|100%| O|  |TAMS 0x0000000712800000, 0x0000000712600000| Untracked 
| 126|0x0000000712800000, 0x0000000712a00000, 0x0000000712a00000|100%| O|  |TAMS 0x0000000712a00000, 0x0000000712800000| Untracked 
| 127|0x0000000712a00000, 0x0000000712c00000, 0x0000000712c00000|100%| O|  |TAMS 0x0000000712c00000, 0x0000000712a00000| Untracked 
| 128|0x0000000712c00000, 0x0000000712e00000, 0x0000000712e00000|100%| O|  |TAMS 0x0000000712e00000, 0x0000000712c00000| Untracked 
| 129|0x0000000712e00000, 0x0000000713000000, 0x0000000713000000|100%| O|  |TAMS 0x0000000713000000, 0x0000000712e00000| Untracked 
| 130|0x0000000713000000, 0x0000000713200000, 0x0000000713200000|100%| O|  |TAMS 0x0000000713200000, 0x0000000713000000| Untracked 
| 131|0x0000000713200000, 0x0000000713400000, 0x0000000713400000|100%| O|  |TAMS 0x0000000713400000, 0x0000000713200000| Untracked 
| 132|0x0000000713400000, 0x0000000713600000, 0x0000000713600000|100%| O|  |TAMS 0x0000000713600000, 0x0000000713400000| Untracked 
| 133|0x0000000713600000, 0x0000000713800000, 0x0000000713800000|100%| O|  |TAMS 0x0000000713800000, 0x0000000713600000| Untracked 
| 134|0x0000000713800000, 0x0000000713a00000, 0x0000000713a00000|100%|HS|  |TAMS 0x0000000713a00000, 0x0000000713800000| Complete 
| 135|0x0000000713a00000, 0x0000000713c00000, 0x0000000713c00000|100%|HC|  |TAMS 0x0000000713c00000, 0x0000000713a00000| Complete 
| 136|0x0000000713c00000, 0x0000000713e00000, 0x0000000713e00000|100%|HC|  |TAMS 0x0000000713e00000, 0x0000000713c00000| Complete 
| 137|0x0000000713e00000, 0x0000000714000000, 0x0000000714000000|100%| O|  |TAMS 0x0000000714000000, 0x0000000713e00000| Untracked 
| 138|0x0000000714000000, 0x0000000714200000, 0x0000000714200000|100%| O|  |TAMS 0x0000000714200000, 0x0000000714000000| Untracked 
| 139|0x0000000714200000, 0x0000000714400000, 0x0000000714400000|100%| O|  |TAMS 0x0000000714400000, 0x0000000714200000| Untracked 
| 140|0x0000000714400000, 0x0000000714600000, 0x0000000714600000|100%| O|  |TAMS 0x0000000714600000, 0x0000000714400000| Untracked 
| 141|0x0000000714600000, 0x0000000714800000, 0x0000000714800000|100%| O|  |TAMS 0x0000000714800000, 0x0000000714600000| Untracked 
| 142|0x0000000714800000, 0x0000000714a00000, 0x0000000714a00000|100%| O|  |TAMS 0x0000000714800000, 0x0000000714800000| Untracked 
| 143|0x0000000714a00000, 0x0000000714c00000, 0x0000000714c00000|100%| O|  |TAMS 0x0000000714c00000, 0x0000000714a00000| Untracked 
| 144|0x0000000714c00000, 0x0000000714e00000, 0x0000000714e00000|100%| O|  |TAMS 0x0000000714e00000, 0x0000000714c00000| Untracked 
| 145|0x0000000714e00000, 0x0000000715000000, 0x0000000715000000|100%| O|  |TAMS 0x0000000715000000, 0x0000000714e00000| Untracked 
| 146|0x0000000715000000, 0x0000000715200000, 0x0000000715200000|100%| O|  |TAMS 0x0000000715200000, 0x0000000715000000| Untracked 
| 147|0x0000000715200000, 0x0000000715400000, 0x0000000715400000|100%| O|  |TAMS 0x0000000715400000, 0x0000000715200000| Untracked 
| 148|0x0000000715400000, 0x0000000715600000, 0x0000000715600000|100%| O|  |TAMS 0x0000000715600000, 0x0000000715400000| Untracked 
| 149|0x0000000715600000, 0x0000000715800000, 0x0000000715800000|100%| O|  |TAMS 0x0000000715800000, 0x0000000715600000| Untracked 
| 150|0x0000000715800000, 0x0000000715a00000, 0x0000000715a00000|100%| O|  |TAMS 0x0000000715a00000, 0x0000000715800000| Untracked 
| 151|0x0000000715a00000, 0x0000000715c00000, 0x0000000715c00000|100%| O|  |TAMS 0x0000000715c00000, 0x0000000715a00000| Untracked 
| 152|0x0000000715c00000, 0x0000000715e00000, 0x0000000715e00000|100%| O|  |TAMS 0x0000000715e00000, 0x0000000715c00000| Untracked 
| 153|0x0000000715e00000, 0x0000000716000000, 0x0000000716000000|100%| O|  |TAMS 0x0000000716000000, 0x0000000715e00000| Untracked 
| 154|0x0000000716000000, 0x0000000716200000, 0x0000000716200000|100%| O|  |TAMS 0x00000007160d2a00, 0x0000000716000000| Untracked 
| 155|0x0000000716200000, 0x0000000716400000, 0x0000000716400000|100%| O|  |TAMS 0x0000000716200000, 0x0000000716200000| Untracked 
| 156|0x0000000716400000, 0x0000000716600000, 0x0000000716600000|100%| O|  |TAMS 0x0000000716400000, 0x0000000716400000| Untracked 
| 157|0x0000000716600000, 0x0000000716800000, 0x0000000716800000|100%| O|  |TAMS 0x0000000716600000, 0x0000000716600000| Untracked 
| 158|0x0000000716800000, 0x0000000716a00000, 0x0000000716a00000|100%| O|  |TAMS 0x0000000716800000, 0x0000000716800000| Untracked 
| 159|0x0000000716a00000, 0x0000000716c00000, 0x0000000716c00000|100%| O|  |TAMS 0x0000000716a00000, 0x0000000716a00000| Untracked 
| 160|0x0000000716c00000, 0x0000000716e00000, 0x0000000716e00000|100%| O|  |TAMS 0x0000000716c00000, 0x0000000716c00000| Untracked 
| 161|0x0000000716e00000, 0x0000000717000000, 0x0000000717000000|100%| O|  |TAMS 0x0000000716e00000, 0x0000000716e00000| Untracked 
| 162|0x0000000717000000, 0x0000000717200000, 0x0000000717200000|100%| O|  |TAMS 0x0000000717000000, 0x0000000717000000| Untracked 
| 163|0x0000000717200000, 0x0000000717400000, 0x0000000717400000|100%| O|  |TAMS 0x0000000717200000, 0x0000000717200000| Untracked 
| 164|0x0000000717400000, 0x0000000717600000, 0x0000000717600000|100%| O|  |TAMS 0x0000000717400000, 0x0000000717400000| Untracked 
| 165|0x0000000717600000, 0x0000000717800000, 0x0000000717800000|100%| O|  |TAMS 0x0000000717600000, 0x0000000717600000| Untracked 
| 166|0x0000000717800000, 0x0000000717a00000, 0x0000000717a00000|100%| O|  |TAMS 0x0000000717800000, 0x0000000717800000| Untracked 
| 167|0x0000000717a00000, 0x0000000717c00000, 0x0000000717c00000|100%| O|  |TAMS 0x0000000717a00000, 0x0000000717a00000| Untracked 
| 168|0x0000000717c00000, 0x0000000717e00000, 0x0000000717e00000|100%| O|  |TAMS 0x0000000717c00000, 0x0000000717c00000| Untracked 
| 169|0x0000000717e00000, 0x0000000718000000, 0x0000000718000000|100%| O|  |TAMS 0x0000000717e00000, 0x0000000717e00000| Untracked 
| 170|0x0000000718000000, 0x0000000718200000, 0x0000000718200000|100%| O|  |TAMS 0x0000000718000000, 0x0000000718000000| Untracked 
| 171|0x0000000718200000, 0x0000000718400000, 0x0000000718400000|100%| O|  |TAMS 0x0000000718200000, 0x0000000718200000| Untracked 
| 172|0x0000000718400000, 0x0000000718600000, 0x0000000718600000|100%|HS|  |TAMS 0x0000000718400000, 0x0000000718400000| Complete 
| 173|0x0000000718600000, 0x0000000718800000, 0x0000000718800000|100%| O|  |TAMS 0x0000000718600000, 0x0000000718600000| Untracked 
| 174|0x0000000718800000, 0x0000000718a00000, 0x0000000718a00000|100%| O|  |TAMS 0x0000000718800000, 0x0000000718800000| Untracked 
| 175|0x0000000718a00000, 0x0000000718c00000, 0x0000000718c00000|100%| O|  |TAMS 0x0000000718a00000, 0x0000000718a00000| Untracked 
| 176|0x0000000718c00000, 0x0000000718e00000, 0x0000000718e00000|100%| O|  |TAMS 0x0000000718c00000, 0x0000000718c00000| Untracked 
| 177|0x0000000718e00000, 0x0000000719000000, 0x0000000719000000|100%| O|  |TAMS 0x0000000718e00000, 0x0000000718e00000| Untracked 
| 178|0x0000000719000000, 0x0000000719200000, 0x0000000719200000|100%| O|  |TAMS 0x0000000719000000, 0x0000000719000000| Untracked 
| 179|0x0000000719200000, 0x0000000719400000, 0x0000000719400000|100%| O|  |TAMS 0x0000000719200000, 0x0000000719200000| Untracked 
| 180|0x0000000719400000, 0x0000000719600000, 0x0000000719600000|100%| O|  |TAMS 0x0000000719400000, 0x0000000719400000| Untracked 
| 181|0x0000000719600000, 0x0000000719800000, 0x0000000719800000|100%| O|  |TAMS 0x0000000719600000, 0x0000000719600000| Untracked 
| 182|0x0000000719800000, 0x0000000719a00000, 0x0000000719a00000|100%| O|  |TAMS 0x0000000719800000, 0x0000000719800000| Untracked 
| 183|0x0000000719a00000, 0x0000000719c00000, 0x0000000719c00000|100%| O|  |TAMS 0x0000000719a00000, 0x0000000719a00000| Untracked 
| 184|0x0000000719c00000, 0x0000000719e00000, 0x0000000719e00000|100%| O|  |TAMS 0x0000000719c00000, 0x0000000719c00000| Untracked 
| 185|0x0000000719e00000, 0x000000071a000000, 0x000000071a000000|100%| O|  |TAMS 0x0000000719e00000, 0x0000000719e00000| Untracked 
| 186|0x000000071a000000, 0x000000071a200000, 0x000000071a200000|100%| O|  |TAMS 0x000000071a000000, 0x000000071a000000| Untracked 
| 187|0x000000071a200000, 0x000000071a400000, 0x000000071a400000|100%| O|  |TAMS 0x000000071a200000, 0x000000071a200000| Untracked 
| 188|0x000000071a400000, 0x000000071a600000, 0x000000071a600000|100%| O|  |TAMS 0x000000071a400000, 0x000000071a400000| Untracked 
| 189|0x000000071a600000, 0x000000071a800000, 0x000000071a800000|100%| O|  |TAMS 0x000000071a600000, 0x000000071a600000| Untracked 
| 190|0x000000071a800000, 0x000000071aa00000, 0x000000071aa00000|100%| O|  |TAMS 0x000000071a800000, 0x000000071a800000| Untracked 
| 191|0x000000071aa00000, 0x000000071ac00000, 0x000000071ac00000|100%| O|  |TAMS 0x000000071aa00000, 0x000000071aa00000| Untracked 
| 192|0x000000071ac00000, 0x000000071ae00000, 0x000000071ae00000|100%| O|  |TAMS 0x000000071ac00000, 0x000000071ac00000| Untracked 
| 193|0x000000071ae00000, 0x000000071b000000, 0x000000071b000000|100%|HS|  |TAMS 0x000000071ae00000, 0x000000071ae00000| Complete 
| 194|0x000000071b000000, 0x000000071b200000, 0x000000071b200000|100%|HC|  |TAMS 0x000000071b000000, 0x000000071b000000| Complete 
| 195|0x000000071b200000, 0x000000071b400000, 0x000000071b400000|100%|HS|  |TAMS 0x000000071b200000, 0x000000071b200000| Complete 
| 196|0x000000071b400000, 0x000000071b600000, 0x000000071b600000|100%| O|  |TAMS 0x000000071b400000, 0x000000071b400000| Untracked 
| 197|0x000000071b600000, 0x000000071b800000, 0x000000071b800000|100%| O|  |TAMS 0x000000071b600000, 0x000000071b600000| Untracked 
| 198|0x000000071b800000, 0x000000071ba00000, 0x000000071ba00000|100%| O|  |TAMS 0x000000071b800000, 0x000000071b800000| Untracked 
| 199|0x000000071ba00000, 0x000000071bc00000, 0x000000071bc00000|100%| O|  |TAMS 0x000000071ba00000, 0x000000071ba00000| Untracked 
| 200|0x000000071bc00000, 0x000000071be00000, 0x000000071be00000|100%| O|  |TAMS 0x000000071bc00000, 0x000000071bc00000| Untracked 
| 201|0x000000071be00000, 0x000000071c000000, 0x000000071c000000|100%| O|  |TAMS 0x000000071be00000, 0x000000071be00000| Untracked 
| 202|0x000000071c000000, 0x000000071c037800, 0x000000071c200000| 10%| O|  |TAMS 0x000000071c000000, 0x000000071c000000| Untracked 
| 203|0x000000071c200000, 0x000000071c200000, 0x000000071c400000|  0%| F|  |TAMS 0x000000071c200000, 0x000000071c200000| Untracked 
| 204|0x000000071c400000, 0x000000071c400000, 0x000000071c600000|  0%| F|  |TAMS 0x000000071c400000, 0x000000071c400000| Untracked 
| 205|0x000000071c600000, 0x000000071c600000, 0x000000071c800000|  0%| F|  |TAMS 0x000000071c600000, 0x000000071c600000| Untracked 
| 206|0x000000071c800000, 0x000000071c800000, 0x000000071ca00000|  0%| F|  |TAMS 0x000000071c800000, 0x000000071c800000| Untracked 
| 207|0x000000071ca00000, 0x000000071ca00000, 0x000000071cc00000|  0%| F|  |TAMS 0x000000071ca00000, 0x000000071ca00000| Untracked 
| 208|0x000000071cc00000, 0x000000071cc00000, 0x000000071ce00000|  0%| F|  |TAMS 0x000000071cc00000, 0x000000071cc00000| Untracked 
| 209|0x000000071ce00000, 0x000000071ce00000, 0x000000071d000000|  0%| F|  |TAMS 0x000000071ce00000, 0x000000071ce00000| Untracked 
| 210|0x000000071d000000, 0x000000071d000000, 0x000000071d200000|  0%| F|  |TAMS 0x000000071d000000, 0x000000071d000000| Untracked 
| 211|0x000000071d200000, 0x000000071d200000, 0x000000071d400000|  0%| F|  |TAMS 0x000000071d200000, 0x000000071d200000| Untracked 
| 212|0x000000071d400000, 0x000000071d400000, 0x000000071d600000|  0%| F|  |TAMS 0x000000071d400000, 0x000000071d400000| Untracked 
| 213|0x000000071d600000, 0x000000071d600000, 0x000000071d800000|  0%| F|  |TAMS 0x000000071d600000, 0x000000071d600000| Untracked 
| 214|0x000000071d800000, 0x000000071d800000, 0x000000071da00000|  0%| F|  |TAMS 0x000000071d800000, 0x000000071d800000| Untracked 
| 215|0x000000071da00000, 0x000000071da00000, 0x000000071dc00000|  0%| F|  |TAMS 0x000000071da00000, 0x000000071da00000| Untracked 
| 216|0x000000071dc00000, 0x000000071dc00000, 0x000000071de00000|  0%| F|  |TAMS 0x000000071dc00000, 0x000000071dc00000| Untracked 
| 217|0x000000071de00000, 0x000000071de00000, 0x000000071e000000|  0%| F|  |TAMS 0x000000071de00000, 0x000000071de00000| Untracked 
| 218|0x000000071e000000, 0x000000071e000000, 0x000000071e200000|  0%| F|  |TAMS 0x000000071e000000, 0x000000071e000000| Untracked 
| 219|0x000000071e200000, 0x000000071e200000, 0x000000071e400000|  0%| F|  |TAMS 0x000000071e200000, 0x000000071e200000| Untracked 
| 220|0x000000071e400000, 0x000000071e400000, 0x000000071e600000|  0%| F|  |TAMS 0x000000071e400000, 0x000000071e400000| Untracked 
| 221|0x000000071e600000, 0x000000071e600000, 0x000000071e800000|  0%| F|  |TAMS 0x000000071e600000, 0x000000071e600000| Untracked 
| 222|0x000000071e800000, 0x000000071e800000, 0x000000071ea00000|  0%| F|  |TAMS 0x000000071e800000, 0x000000071e800000| Untracked 
| 223|0x000000071ea00000, 0x000000071ea00000, 0x000000071ec00000|  0%| F|  |TAMS 0x000000071ea00000, 0x000000071ea00000| Untracked 
| 224|0x000000071ec00000, 0x000000071ec00000, 0x000000071ee00000|  0%| F|  |TAMS 0x000000071ec00000, 0x000000071ec00000| Untracked 
| 225|0x000000071ee00000, 0x000000071ee00000, 0x000000071f000000|  0%| F|  |TAMS 0x000000071ee00000, 0x000000071ee00000| Untracked 
| 226|0x000000071f000000, 0x000000071f000000, 0x000000071f200000|  0%| F|  |TAMS 0x000000071f000000, 0x000000071f000000| Untracked 
| 227|0x000000071f200000, 0x000000071f200000, 0x000000071f400000|  0%| F|  |TAMS 0x000000071f200000, 0x000000071f200000| Untracked 
| 228|0x000000071f400000, 0x000000071f400000, 0x000000071f600000|  0%| F|  |TAMS 0x000000071f400000, 0x000000071f400000| Untracked 
| 229|0x000000071f600000, 0x000000071f600000, 0x000000071f800000|  0%| F|  |TAMS 0x000000071f600000, 0x000000071f600000| Untracked 
| 230|0x000000071f800000, 0x000000071f800000, 0x000000071fa00000|  0%| F|  |TAMS 0x000000071f800000, 0x000000071f800000| Untracked 
| 231|0x000000071fa00000, 0x000000071fa00000, 0x000000071fc00000|  0%| F|  |TAMS 0x000000071fa00000, 0x000000071fa00000| Untracked 
| 232|0x000000071fc00000, 0x000000071fc00000, 0x000000071fe00000|  0%| F|  |TAMS 0x000000071fc00000, 0x000000071fc00000| Untracked 
| 233|0x000000071fe00000, 0x000000071fe00000, 0x0000000720000000|  0%| F|  |TAMS 0x000000071fe00000, 0x000000071fe00000| Untracked 
| 234|0x0000000720000000, 0x0000000720000000, 0x0000000720200000|  0%| F|  |TAMS 0x0000000720000000, 0x0000000720000000| Untracked 
| 235|0x0000000720200000, 0x0000000720200000, 0x0000000720400000|  0%| F|  |TAMS 0x0000000720200000, 0x0000000720200000| Untracked 
| 236|0x0000000720400000, 0x0000000720400000, 0x0000000720600000|  0%| F|  |TAMS 0x0000000720400000, 0x0000000720400000| Untracked 
| 237|0x0000000720600000, 0x0000000720600000, 0x0000000720800000|  0%| F|  |TAMS 0x0000000720600000, 0x0000000720600000| Untracked 
| 238|0x0000000720800000, 0x0000000720800000, 0x0000000720a00000|  0%| F|  |TAMS 0x0000000720800000, 0x0000000720800000| Untracked 
| 239|0x0000000720a00000, 0x0000000720a00000, 0x0000000720c00000|  0%| F|  |TAMS 0x0000000720a00000, 0x0000000720a00000| Untracked 
| 240|0x0000000720c00000, 0x0000000720c00000, 0x0000000720e00000|  0%| F|  |TAMS 0x0000000720c00000, 0x0000000720c00000| Untracked 
| 241|0x0000000720e00000, 0x0000000720e00000, 0x0000000721000000|  0%| F|  |TAMS 0x0000000720e00000, 0x0000000720e00000| Untracked 
| 242|0x0000000721000000, 0x0000000721000000, 0x0000000721200000|  0%| F|  |TAMS 0x0000000721000000, 0x0000000721000000| Untracked 
| 243|0x0000000721200000, 0x0000000721200000, 0x0000000721400000|  0%| F|  |TAMS 0x0000000721200000, 0x0000000721200000| Untracked 
| 244|0x0000000721400000, 0x0000000721600000, 0x0000000721600000|100%| S|CS|TAMS 0x0000000721400000, 0x0000000721400000| Complete 
| 245|0x0000000721600000, 0x0000000721800000, 0x0000000721800000|100%| S|CS|TAMS 0x0000000721600000, 0x0000000721600000| Complete 
| 246|0x0000000721800000, 0x0000000721800000, 0x0000000721a00000|  0%| F|  |TAMS 0x0000000721800000, 0x0000000721800000| Untracked 
| 247|0x0000000721a00000, 0x0000000721a00000, 0x0000000721c00000|  0%| F|  |TAMS 0x0000000721a00000, 0x0000000721a00000| Untracked 
| 248|0x0000000721c00000, 0x0000000721c00000, 0x0000000721e00000|  0%| F|  |TAMS 0x0000000721c00000, 0x0000000721c00000| Untracked 
| 249|0x0000000721e00000, 0x0000000722000000, 0x0000000722000000|100%| S|CS|TAMS 0x0000000721e00000, 0x0000000721e00000| Complete 
| 250|0x0000000722000000, 0x0000000722000000, 0x0000000722200000|  0%| F|  |TAMS 0x0000000722000000, 0x0000000722000000| Untracked 
| 251|0x0000000722200000, 0x0000000722400000, 0x0000000722400000|100%| S|CS|TAMS 0x0000000722200000, 0x0000000722200000| Complete 
| 252|0x0000000722400000, 0x0000000722400000, 0x0000000722600000|  0%| F|  |TAMS 0x0000000722400000, 0x0000000722400000| Untracked 
| 253|0x0000000722600000, 0x0000000722600000, 0x0000000722800000|  0%| F|  |TAMS 0x0000000722600000, 0x0000000722600000| Untracked 
| 254|0x0000000722800000, 0x0000000722800000, 0x0000000722a00000|  0%| F|  |TAMS 0x0000000722800000, 0x0000000722800000| Untracked 
| 255|0x0000000722a00000, 0x0000000722a00000, 0x0000000722c00000|  0%| F|  |TAMS 0x0000000722a00000, 0x0000000722a00000| Untracked 
| 256|0x0000000722c00000, 0x0000000722c00000, 0x0000000722e00000|  0%| F|  |TAMS 0x0000000722c00000, 0x0000000722c00000| Untracked 
| 257|0x0000000722e00000, 0x0000000722e00000, 0x0000000723000000|  0%| F|  |TAMS 0x0000000722e00000, 0x0000000722e00000| Untracked 
| 258|0x0000000723000000, 0x0000000723000000, 0x0000000723200000|  0%| F|  |TAMS 0x0000000723000000, 0x0000000723000000| Untracked 
| 259|0x0000000723200000, 0x0000000723200000, 0x0000000723400000|  0%| F|  |TAMS 0x0000000723200000, 0x0000000723200000| Untracked 
| 260|0x0000000723400000, 0x0000000723400000, 0x0000000723600000|  0%| F|  |TAMS 0x0000000723400000, 0x0000000723400000| Untracked 
| 261|0x0000000723600000, 0x0000000723600000, 0x0000000723800000|  0%| F|  |TAMS 0x0000000723600000, 0x0000000723600000| Untracked 
| 262|0x0000000723800000, 0x0000000723800000, 0x0000000723a00000|  0%| F|  |TAMS 0x0000000723800000, 0x0000000723800000| Untracked 
| 263|0x0000000723a00000, 0x0000000723a00000, 0x0000000723c00000|  0%| F|  |TAMS 0x0000000723a00000, 0x0000000723a00000| Untracked 
| 264|0x0000000723c00000, 0x0000000723c00000, 0x0000000723e00000|  0%| F|  |TAMS 0x0000000723c00000, 0x0000000723c00000| Untracked 
| 265|0x0000000723e00000, 0x0000000723e00000, 0x0000000724000000|  0%| F|  |TAMS 0x0000000723e00000, 0x0000000723e00000| Untracked 
| 266|0x0000000724000000, 0x0000000724000000, 0x0000000724200000|  0%| F|  |TAMS 0x0000000724000000, 0x0000000724000000| Untracked 
| 267|0x0000000724200000, 0x0000000724200000, 0x0000000724400000|  0%| F|  |TAMS 0x0000000724200000, 0x0000000724200000| Untracked 
| 268|0x0000000724400000, 0x0000000724400000, 0x0000000724600000|  0%| F|  |TAMS 0x0000000724400000, 0x0000000724400000| Untracked 
| 269|0x0000000724600000, 0x0000000724600000, 0x0000000724800000|  0%| F|  |TAMS 0x0000000724600000, 0x0000000724600000| Untracked 
| 270|0x0000000724800000, 0x0000000724800000, 0x0000000724a00000|  0%| F|  |TAMS 0x0000000724800000, 0x0000000724800000| Untracked 
| 271|0x0000000724a00000, 0x0000000724a00000, 0x0000000724c00000|  0%| F|  |TAMS 0x0000000724a00000, 0x0000000724a00000| Untracked 
| 272|0x0000000724c00000, 0x0000000724c00000, 0x0000000724e00000|  0%| F|  |TAMS 0x0000000724c00000, 0x0000000724c00000| Untracked 
| 273|0x0000000724e00000, 0x0000000724e00000, 0x0000000725000000|  0%| F|  |TAMS 0x0000000724e00000, 0x0000000724e00000| Untracked 
| 274|0x0000000725000000, 0x0000000725000000, 0x0000000725200000|  0%| F|  |TAMS 0x0000000725000000, 0x0000000725000000| Untracked 
| 275|0x0000000725200000, 0x0000000725200000, 0x0000000725400000|  0%| F|  |TAMS 0x0000000725200000, 0x0000000725200000| Untracked 
|2017|0x00000007fee00000, 0x00000007ff000000, 0x00000007ff000000|100%| O|  |TAMS 0x00000007ff000000, 0x00000007fee00000| Untracked 
|2018|0x00000007ff000000, 0x00000007ff200000, 0x00000007ff200000|100%| O|  |TAMS 0x00000007ff200000, 0x00000007ff000000| Untracked 
|2019|0x00000007ff200000, 0x00000007ff400000, 0x00000007ff400000|100%| O|  |TAMS 0x00000007ff400000, 0x00000007ff200000| Untracked 
|2020|0x00000007ff400000, 0x00000007ff600000, 0x00000007ff600000|100%| O|  |TAMS 0x00000007ff600000, 0x00000007ff400000| Untracked 
|2021|0x00000007ff600000, 0x00000007ff800000, 0x00000007ff800000|100%| O|  |TAMS 0x00000007ff800000, 0x00000007ff600000| Untracked 
|2022|0x00000007ff800000, 0x00000007ffa00000, 0x00000007ffa00000|100%| O|  |TAMS 0x00000007ffa00000, 0x00000007ff800000| Untracked 
|2023|0x00000007ffa00000, 0x00000007ffc00000, 0x00000007ffc00000|100%| O|  |TAMS 0x00000007ffc00000, 0x00000007ffa00000| Untracked 
|2024|0x00000007ffc00000, 0x00000007ffe00000, 0x00000007ffe00000|100%| O|  |TAMS 0x00000007ffe00000, 0x00000007ffc00000| Untracked 
|2025|0x00000007ffe00000, 0x0000000800000000, 0x0000000800000000|100%| O|  |TAMS 0x0000000800000000, 0x00000007ffe00000| Untracked 

Card table byte_map: [0x0000028acee90000,0x0000028acf680000] _byte_map_base: 0x0000028acb67a000

Marking Bits (Prev, Next): (CMBitMap*) 0x0000028ab7959180, (CMBitMap*) 0x0000028ab79591c0
 Prev Bits: [0x0000028acfe70000, 0x0000028ad3dc0000)
 Next Bits: [0x0000028ad3dc0000, 0x0000028ad7d10000)

Polling page: 0x0000028ab5680000

Metaspace:

Usage:
  Non-class:     55.29 MB used.
      Class:      8.46 MB used.
       Both:     63.75 MB used.

Virtual space:
  Non-class space:       56.00 MB reserved,      55.50 MB (>99%) committed,  7 nodes.
      Class space:        1.00 GB reserved,       8.69 MB ( <1%) committed,  1 nodes.
             Both:        1.05 GB reserved,      64.19 MB (  6%) committed. 

Chunk freelists:
   Non-Class:  351.00 KB
       Class:  3.23 MB
        Both:  3.58 MB

MaxMetaspaceSize: unlimited
CompressedClassSpaceSize: 1.00 GB
Initial GC threshold: 21.00 MB
Current GC threshold: 106.69 MB
CDS: on
MetaspaceReclaimPolicy: balanced
 - commit_granule_bytes: 65536.
 - commit_granule_words: 8192.
 - virtual_space_node_default_size: 1048576.
 - enlarge_chunks_in_place: 1.
 - new_chunks_are_fully_committed: 0.
 - uncommit_free_chunks: 1.
 - use_allocation_guard: 0.
 - handle_deallocations: 1.


Internal statistics:

num_allocs_failed_limit: 9.
num_arena_births: 624.
num_arena_deaths: 0.
num_vsnodes_births: 8.
num_vsnodes_deaths: 0.
num_space_committed: 1027.
num_space_uncommitted: 0.
num_chunks_returned_to_freelist: 9.
num_chunks_taken_from_freelist: 3122.
num_chunk_merges: 9.
num_chunk_splits: 2175.
num_chunks_enlarged: 1647.
num_purges: 0.
num_inconsistent_stats: 0.

CodeHeap 'non-profiled nmethods': size=120000Kb used=4934Kb max_used=5382Kb free=115066Kb
 bounds [0x0000028ac6c20000, 0x0000028ac7170000, 0x0000028ace150000]
CodeHeap 'profiled nmethods': size=120000Kb used=12750Kb max_used=14664Kb free=107249Kb
 bounds [0x0000028abf6f0000, 0x0000028ac0550000, 0x0000028ac6c20000]
CodeHeap 'non-nmethods': size=5760Kb used=1318Kb max_used=1410Kb free=4441Kb
 bounds [0x0000028abf150000, 0x0000028abf3c0000, 0x0000028abf6f0000]
 total_blobs=7582 nmethods=6938 adapters=555
 compilation: enabled
              stopped_count=0, restarted_count=0
 full_count=0

Compilation events (20 events):
Event: 86.823 Thread 0x0000028adc9d25b0 nmethod 8383 0x0000028ac6f52e90 code [0x0000028ac6f53000, 0x0000028ac6f530d8]
Event: 86.823 Thread 0x0000028adc9d25b0 8363       4       org.hibernate.type.ManyToOneType::scheduleBatchLoadIfNeeded (74 bytes)
Event: 86.824 Thread 0x0000028adb408730 8397       3       org.hibernate.engine.internal.EntityEntryContext::addEntityEntry (338 bytes)
Event: 86.824 Thread 0x0000028adc9d25b0 nmethod 8363 0x0000028ac6f52990 code [0x0000028ac6f52b20, 0x0000028ac6f52c98]
Event: 86.824 Thread 0x0000028adc9d25b0 8360       4       org.hibernate.internal.SessionImpl::instantiate (53 bytes)
Event: 86.825 Thread 0x0000028adb408730 nmethod 8397 0x0000028abfbcd010 code [0x0000028abfbcd360, 0x0000028abfbcf008]
Event: 86.843 Thread 0x0000028adc9d25b0 nmethod 8360 0x0000028ac6e7b710 code [0x0000028ac6e7b920, 0x0000028ac6e7c3d8]
Event: 86.844 Thread 0x0000028adc9d25b0 8367       4       org.hibernate.loader.Loader::getInstanceClass (99 bytes)
Event: 86.845 Thread 0x0000028adc9d25b0 nmethod 8367 0x0000028ac6f52510 code [0x0000028ac6f526a0, 0x0000028ac6f527b8]
Event: 86.845 Thread 0x0000028adc9d25b0 8368       4       org.hibernate.loader.Loader::hydrateEntityState (30 bytes)
Event: 86.899 Thread 0x0000028adc9d25b0 nmethod 8368 0x0000028ac6f59390 code [0x0000028ac6f596a0, 0x0000028ac6f5b870]
Event: 86.899 Thread 0x0000028adc9d25b0 8398       4       org.hibernate.engine.internal.EntityEntryContext::addEntityEntry (338 bytes)
Event: 86.905 Thread 0x0000028adbafc6f0 nmethod 8379 0x0000028ac6e2c810 code [0x0000028ac6e2cde0, 0x0000028ac6e35968]
Event: 86.906 Thread 0x0000028adbafc6f0 8390       4       org.hibernate.loader.Loader::loadFromResultSet (297 bytes)
Event: 86.924 Thread 0x0000028adc9d25b0 nmethod 8398 0x0000028ac6f57790 code [0x0000028ac6f579a0, 0x0000028ac6f589f0]
Event: 86.925 Thread 0x0000028adc9d25b0 8303       4       java.util.IdentityHashMap::nextKeyIndex (15 bytes)
Event: 86.925 Thread 0x0000028adc9d25b0 nmethod 8303 0x0000028ac6e2c510 code [0x0000028ac6e2c680, 0x0000028ac6e2c6f8]
Event: 86.965 Thread 0x0000028adbafc6f0 nmethod 8390 0x0000028ac6e78210 code [0x0000028ac6e78500, 0x0000028ac6e79e10]
Event: 86.968 Thread 0x0000028adc9d25b0 8399 %     4       java.util.IdentityHashMap::resize @ 104 (153 bytes)
Event: 86.976 Thread 0x0000028adc9d25b0 nmethod 8399% 0x0000028ac6f4ff90 code [0x0000028ac6f50140, 0x0000028ac6f50928]

GC Heap History (20 events):
Event: 84.394 GC heap after
{Heap after GC invocations=36 (full 0):
 garbage-first heap   total 378880K, used 314515K [0x0000000702c00000, 0x0000000800000000)
  region size 2048K, 2 young (4096K), 2 survivors (4096K)
 Metaspace       used 65066K, committed 65536K, reserved 1105920K
  class space    used 8657K, committed 8896K, reserved 1048576K
}
Event: 84.816 GC heap before
{Heap before GC invocations=36 (full 0):
 garbage-first heap   total 378880K, used 328851K [0x0000000702c00000, 0x0000000800000000)
  region size 2048K, 9 young (18432K), 2 survivors (4096K)
 Metaspace       used 65066K, committed 65536K, reserved 1105920K
  class space    used 8657K, committed 8896K, reserved 1048576K
}
Event: 84.820 GC heap after
{Heap after GC invocations=37 (full 0):
 garbage-first heap   total 378880K, used 326491K [0x0000000702c00000, 0x0000000800000000)
  region size 2048K, 2 young (4096K), 2 survivors (4096K)
 Metaspace       used 65066K, committed 65536K, reserved 1105920K
  class space    used 8657K, committed 8896K, reserved 1048576K
}
Event: 85.196 GC heap before
{Heap before GC invocations=37 (full 0):
 garbage-first heap   total 378880K, used 340827K [0x0000000702c00000, 0x0000000800000000)
  region size 2048K, 9 young (18432K), 2 survivors (4096K)
 Metaspace       used 65066K, committed 65536K, reserved 1105920K
  class space    used 8657K, committed 8896K, reserved 1048576K
}
Event: 85.200 GC heap after
{Heap after GC invocations=38 (full 0):
 garbage-first heap   total 378880K, used 338701K [0x0000000702c00000, 0x0000000800000000)
  region size 2048K, 2 young (4096K), 2 survivors (4096K)
 Metaspace       used 65066K, committed 65536K, reserved 1105920K
  class space    used 8657K, committed 8896K, reserved 1048576K
}
Event: 85.584 GC heap before
{Heap before GC invocations=38 (full 0):
 garbage-first heap   total 378880K, used 353037K [0x0000000702c00000, 0x0000000800000000)
  region size 2048K, 9 young (18432K), 2 survivors (4096K)
 Metaspace       used 65066K, committed 65536K, reserved 1105920K
  class space    used 8657K, committed 8896K, reserved 1048576K
}
Event: 85.587 GC heap after
{Heap after GC invocations=39 (full 0):
 garbage-first heap   total 378880K, used 350146K [0x0000000702c00000, 0x0000000800000000)
  region size 2048K, 2 young (4096K), 2 survivors (4096K)
 Metaspace       used 65066K, committed 65536K, reserved 1105920K
  class space    used 8657K, committed 8896K, reserved 1048576K
}
Event: 86.014 GC heap before
{Heap before GC invocations=40 (full 0):
 garbage-first heap   total 583680K, used 360386K [0x0000000702c00000, 0x0000000800000000)
  region size 2048K, 9 young (18432K), 2 survivors (4096K)
 Metaspace       used 65066K, committed 65536K, reserved 1105920K
  class space    used 8657K, committed 8896K, reserved 1048576K
}
Event: 86.018 GC heap after
{Heap after GC invocations=41 (full 0):
 garbage-first heap   total 583680K, used 357817K [0x0000000702c00000, 0x0000000800000000)
  region size 2048K, 2 young (4096K), 2 survivors (4096K)
 Metaspace       used 65066K, committed 65536K, reserved 1105920K
  class space    used 8657K, committed 8896K, reserved 1048576K
}
Event: 86.332 GC heap before
{Heap before GC invocations=41 (full 0):
 garbage-first heap   total 583680K, used 382393K [0x0000000702c00000, 0x0000000800000000)
  region size 2048K, 14 young (28672K), 2 survivors (4096K)
 Metaspace       used 65273K, committed 65728K, reserved 1105920K
  class space    used 8662K, committed 8896K, reserved 1048576K
}
Event: 86.338 GC heap after
{Heap after GC invocations=42 (full 0):
 garbage-first heap   total 583680K, used 362652K [0x0000000702c00000, 0x0000000800000000)
  region size 2048K, 2 young (4096K), 2 survivors (4096K)
 Metaspace       used 65273K, committed 65728K, reserved 1105920K
  class space    used 8662K, committed 8896K, reserved 1048576K
}
Event: 86.580 GC heap before
{Heap before GC invocations=42 (full 0):
 garbage-first heap   total 583680K, used 419996K [0x0000000702c00000, 0x0000000800000000)
  region size 2048K, 30 young (61440K), 2 survivors (4096K)
 Metaspace       used 65273K, committed 65728K, reserved 1105920K
  class space    used 8662K, committed 8896K, reserved 1048576K
}
Event: 86.589 GC heap after
{Heap after GC invocations=43 (full 0):
 garbage-first heap   total 583680K, used 377471K [0x0000000702c00000, 0x0000000800000000)
  region size 2048K, 4 young (8192K), 4 survivors (8192K)
 Metaspace       used 65273K, committed 65728K, reserved 1105920K
  class space    used 8662K, committed 8896K, reserved 1048576K
}
Event: 86.711 GC heap before
{Heap before GC invocations=43 (full 0):
 garbage-first heap   total 583680K, used 434815K [0x0000000702c00000, 0x0000000800000000)
  region size 2048K, 31 young (63488K), 4 survivors (8192K)
 Metaspace       used 65273K, committed 65728K, reserved 1105920K
  class space    used 8662K, committed 8896K, reserved 1048576K
}
Event: 86.725 GC heap after
{Heap after GC invocations=44 (full 0):
 garbage-first heap   total 583680K, used 393357K [0x0000000702c00000, 0x0000000800000000)
  region size 2048K, 4 young (8192K), 4 survivors (8192K)
 Metaspace       used 65273K, committed 65728K, reserved 1105920K
  class space    used 8662K, committed 8896K, reserved 1048576K
}
Event: 86.831 GC heap before
{Heap before GC invocations=44 (full 0):
 garbage-first heap   total 583680K, used 446605K [0x0000000702c00000, 0x0000000800000000)
  region size 2048K, 30 young (61440K), 4 survivors (8192K)
 Metaspace       used 65278K, committed 65728K, reserved 1105920K
  class space    used 8662K, committed 8896K, reserved 1048576K
}
Event: 86.842 GC heap after
{Heap after GC invocations=45 (full 0):
 garbage-first heap   total 583680K, used 407768K [0x0000000702c00000, 0x0000000800000000)
  region size 2048K, 4 young (8192K), 4 survivors (8192K)
 Metaspace       used 65278K, committed 65728K, reserved 1105920K
  class space    used 8662K, committed 8896K, reserved 1048576K
}
Event: 86.928 GC heap before
{Heap before GC invocations=45 (full 0):
 garbage-first heap   total 583680K, used 458968K [0x0000000702c00000, 0x0000000800000000)
  region size 2048K, 29 young (59392K), 4 survivors (8192K)
 Metaspace       used 65278K, committed 65728K, reserved 1105920K
  class space    used 8662K, committed 8896K, reserved 1048576K
}
Event: 86.940 GC heap after
{Heap after GC invocations=46 (full 0):
 garbage-first heap   total 583680K, used 421826K [0x0000000702c00000, 0x0000000800000000)
  region size 2048K, 4 young (8192K), 4 survivors (8192K)
 Metaspace       used 65278K, committed 65728K, reserved 1105920K
  class space    used 8662K, committed 8896K, reserved 1048576K
}
Event: 87.034 GC heap before
{Heap before GC invocations=46 (full 0):
 garbage-first heap   total 583680K, used 477122K [0x0000000702c00000, 0x0000000800000000)
  region size 2048K, 28 young (57344K), 4 survivors (8192K)
 Metaspace       used 65278K, committed 65728K, reserved 1105920K
  class space    used 8662K, committed 8896K, reserved 1048576K
}

Deoptimization events (20 events):
Event: 86.137 Thread 0x0000028ae1770020 DEOPT PACKING pc=0x0000028ac6f7ad7c sp=0x000000e125df8930
Event: 86.137 Thread 0x0000028ae1770020 DEOPT UNPACKING pc=0x0000028abf1a23a3 sp=0x000000e125df88d8 mode 2
Event: 86.137 Thread 0x0000028ae1770020 Uncommon trap: trap_request=0xffffffc6 fr.pc=0x0000028ac6f7ad7c relative=0x000000000000029c
Event: 86.137 Thread 0x0000028ae1770020 Uncommon trap: reason=bimorphic_or_optimized_type_check action=maybe_recompile pc=0x0000028ac6f7ad7c method=com.mysql.cj.protocol.result.AbstractResultsetRow.getValueFromBytes(I[BIILcom/mysql/cj/result/ValueFactory;)Ljava/lang/Object; @ 10 c2
Event: 86.137 Thread 0x0000028ae1770020 DEOPT PACKING pc=0x0000028ac6f7ad7c sp=0x000000e125df8930
Event: 86.137 Thread 0x0000028ae1770020 DEOPT UNPACKING pc=0x0000028abf1a23a3 sp=0x000000e125df88d8 mode 2
Event: 86.138 Thread 0x0000028ae1770020 Uncommon trap: trap_request=0xffffffc6 fr.pc=0x0000028ac6f7ad7c relative=0x000000000000029c
Event: 86.138 Thread 0x0000028ae1770020 Uncommon trap: reason=bimorphic_or_optimized_type_check action=maybe_recompile pc=0x0000028ac6f7ad7c method=com.mysql.cj.protocol.result.AbstractResultsetRow.getValueFromBytes(I[BIILcom/mysql/cj/result/ValueFactory;)Ljava/lang/Object; @ 10 c2
Event: 86.138 Thread 0x0000028ae1770020 DEOPT PACKING pc=0x0000028ac6f7ad7c sp=0x000000e125df8930
Event: 86.138 Thread 0x0000028ae1770020 DEOPT UNPACKING pc=0x0000028abf1a23a3 sp=0x000000e125df88d8 mode 2
Event: 86.138 Thread 0x0000028ae1770020 Uncommon trap: trap_request=0xffffffc6 fr.pc=0x0000028ac6f7ad7c relative=0x000000000000029c
Event: 86.138 Thread 0x0000028ae1770020 Uncommon trap: reason=bimorphic_or_optimized_type_check action=maybe_recompile pc=0x0000028ac6f7ad7c method=com.mysql.cj.protocol.result.AbstractResultsetRow.getValueFromBytes(I[BIILcom/mysql/cj/result/ValueFactory;)Ljava/lang/Object; @ 10 c2
Event: 86.138 Thread 0x0000028ae1770020 DEOPT PACKING pc=0x0000028ac6f7ad7c sp=0x000000e125df8930
Event: 86.138 Thread 0x0000028ae1770020 DEOPT UNPACKING pc=0x0000028abf1a23a3 sp=0x000000e125df88d8 mode 2
Event: 86.525 Thread 0x0000028ae1770020 Uncommon trap: trap_request=0xffffff45 fr.pc=0x0000028ac6e1d06c relative=0x0000000000000c6c
Event: 86.525 Thread 0x0000028ae1770020 Uncommon trap: reason=unstable_if action=reinterpret pc=0x0000028ac6e1d06c method=java.util.IdentityHashMap.put(Ljava/lang/Object;Ljava/lang/Object;)Ljava/lang/Object; @ 90 c2
Event: 86.525 Thread 0x0000028ae1770020 DEOPT PACKING pc=0x0000028ac6e1d06c sp=0x000000e125df8d40
Event: 86.525 Thread 0x0000028ae1770020 DEOPT UNPACKING pc=0x0000028abf1a23a3 sp=0x000000e125df8c80 mode 2
Event: 86.970 Thread 0x0000028ae1770020 DEOPT PACKING pc=0x0000028abfdd63fd sp=0x000000e125df8fd0
Event: 86.970 Thread 0x0000028ae1770020 DEOPT UNPACKING pc=0x0000028abf1a2b43 sp=0x000000e125df8488 mode 0

Classes unloaded (0 events):
No events

Classes redefined (0 events):
No events

Internal exceptions (20 events):
Event: 8.920 Thread 0x0000028ab78ee5d0 Implicit null exception at 0x0000028ac6d281c6 to 0x0000028ac6d2828f
Event: 9.173 Thread 0x0000028ab78ee5d0 Exception <a 'java/lang/IncompatibleClassChangeError'{0x000000070b58a688}: Found class java.lang.Object, but interface was expected> (0x000000070b58a688) 
thrown [t:\workspace\open\src\hotspot\share\interpreter\linkResolver.cpp, line 833]
Event: 9.208 Thread 0x0000028ab78ee5d0 Exception <a 'java/lang/ClassNotFoundException'{0x000000070b03ec28}: java/lang/ObjectCustomizer> (0x000000070b03ec28) 
thrown [t:\workspace\open\src\hotspot\share\classfile\systemDictionary.cpp, line 256]
Event: 9.209 Thread 0x0000028ab78ee5d0 Exception <a 'java/lang/ClassNotFoundException'{0x000000070b0455f8}: org/springframework/security/config/annotation/web/configuration/HttpSecurityConfigurationCustomizer> (0x000000070b0455f8) 
thrown [t:\workspace\open\src\hotspot\share\classfile\systemDictionary.cpp, line 256]
Event: 9.224 Thread 0x0000028ab78ee5d0 Exception <a 'java/lang/NoSuchMethodError'{0x000000070b0d8430}: 'java.lang.Object java.lang.invoke.DirectMethodHandle$Holder.invokeInterface(java.lang.Object, java.lang.Object, java.lang.Object, java.lang.Object)'> (0x000000070b0d8430) 
thrown [t:\workspace\open\src\hotspot\share\interpreter\linkResolver.cpp, line 766]
Event: 9.272 Thread 0x0000028ab78ee5d0 Exception <a 'java/lang/NoSuchMethodError'{0x000000070aef6570}: 'void java.lang.invoke.DirectMethodHandle$Holder.invokeVirtual(java.lang.Object, java.lang.Object, int)'> (0x000000070aef6570) 
thrown [t:\workspace\open\src\hotspot\share\interpreter\linkResolver.cpp, line 766]
Event: 9.274 Thread 0x0000028ab78ee5d0 Exception <a 'java/lang/NoSuchMethodError'{0x000000070af11370}: 'void java.lang.invoke.DirectMethodHandle$Holder.invokeVirtual(java.lang.Object, java.lang.Object, long)'> (0x000000070af11370) 
thrown [t:\workspace\open\src\hotspot\share\interpreter\linkResolver.cpp, line 766]
Event: 9.346 Thread 0x0000028ab78ee5d0 Exception <a 'java/lang/NoSuchMethodError'{0x000000070ab3c4f8}: 'int java.lang.invoke.DirectMethodHandle$Holder.invokeStaticInit(java.lang.Object, java.lang.Object, java.lang.Object, java.lang.Object)'> (0x000000070ab3c4f8) 
thrown [t:\workspace\open\src\hotspot\share\interpreter\linkResolver.cpp, line 766]
Event: 9.496 Thread 0x0000028ab78ee5d0 Exception <a 'java/lang/ClassNotFoundException'{0x000000070a63d828}: java/lang/ObjectCustomizer> (0x000000070a63d828) 
thrown [t:\workspace\open\src\hotspot\share\classfile\systemDictionary.cpp, line 256]
Event: 9.496 Thread 0x0000028ab78ee5d0 Exception <a 'java/lang/ClassNotFoundException'{0x000000070a643b18}: com/doyatama/university/model/audit/DateAuditCustomizer> (0x000000070a643b18) 
thrown [t:\workspace\open\src\hotspot\share\classfile\systemDictionary.cpp, line 256]
Event: 9.497 Thread 0x0000028ab78ee5d0 Exception <a 'java/lang/ClassNotFoundException'{0x000000070a649b38}: com/doyatama/university/model/audit/UserDateAuditCustomizer> (0x000000070a649b38) 
thrown [t:\workspace\open\src\hotspot\share\classfile\systemDictionary.cpp, line 256]
Event: 9.497 Thread 0x0000028ab78ee5d0 Exception <a 'java/lang/ClassNotFoundException'{0x000000070a64fb68}: com/doyatama/university/model/ExamCustomizer> (0x000000070a64fb68) 
thrown [t:\workspace\open\src\hotspot\share\classfile\systemDictionary.cpp, line 256]
Event: 9.569 Thread 0x0000028ab78ee5d0 Exception <a 'java/lang/NoSuchMethodError'{0x0000000709ef3510}: 'java.lang.Object java.lang.invoke.DirectMethodHandle$Holder.invokeSpecial(java.lang.Object, java.lang.Object, int, java.lang.Object, int, java.lang.Object)'> (0x0000000709ef3510) 
thrown [t:\workspace\open\src\hotspot\share\interpreter\linkResolver.cpp, line 766]
Event: 9.569 Thread 0x0000028ab78ee5d0 Exception <a 'java/lang/NoSuchMethodError'{0x0000000709efb310}: 'java.lang.Object java.lang.invoke.DirectMethodHandle$Holder.newInvokeSpecial(java.lang.Object, java.lang.Object, int, java.lang.Object, int)'> (0x0000000709efb310) 
thrown [t:\workspace\open\src\hotspot\share\interpreter\linkResolver.cpp, line 766]
Event: 9.570 Thread 0x0000028ab78ee5d0 Exception <a 'java/lang/NoSuchMethodError'{0x0000000709eff410}: 'java.lang.Object java.lang.invoke.DirectMethodHandle$Holder.invokeSpecial(java.lang.Object, java.lang.Object, java.lang.Object, int, java.lang.Object, int)'> (0x0000000709eff410) 
thrown [t:\workspace\open\src\hotspot\share\interpreter\linkResolver.cpp, line 766]
Event: 9.571 Thread 0x0000028ab78ee5d0 Exception <a 'java/lang/NoSuchMethodError'{0x0000000709f093b0}: 'void java.lang.invoke.DirectMethodHandle$Holder.invokeVirtual(java.lang.Object, java.lang.Object)'> (0x0000000709f093b0) 
thrown [t:\workspace\open\src\hotspot\share\interpreter\linkResolver.cpp, line 766]
Event: 73.815 Thread 0x0000028add759eb0 Exception <a 'java/lang/NoSuchMethodError'{0x0000000709fb8838}: 'java.lang.Object java.lang.invoke.DirectMethodHandle$Holder.newInvokeSpecial(java.lang.Object, java.lang.Object, java.lang.Object, java.lang.Object, java.lang.Object, java.lang.Object, java.lang.Object)'> (0x0000000709fb8838) 
thrown [t:\workspace\open\src\hotspot\share\interpreter\linkResolver.cpp, line 766]
Event: 73.815 Thread 0x0000028add759eb0 Exception <a 'java/lang/NoSuchMethodError'{0x0000000709fbda48}: 'java.lang.Object java.lang.invoke.Invokers$Holder.linkToTargetMethod(java.lang.Object, java.lang.Object, java.lang.Object, java.lang.Object, java.lang.Object, java.lang.Object, java.lang.Object)'> (0x0000000709fbda48) 
thrown [t:\workspace\open\src\hotspot\share\interpreter\linkResolver.cpp, line 766]
Event: 74.104 Thread 0x0000028add759eb0 Exception <a 'java/lang/NoSuchMethodError'{0x0000000708c59028}: 'java.lang.Object java.lang.invoke.DirectMethodHandle$Holder.invokeStaticInit(java.lang.Object, java.lang.Object, java.lang.Object, java.lang.Object, java.lang.Object, java.lang.Object)'> (0x0000000708c59028) 
thrown [t:\workspace\open\src\hotspot\share\interpreter\linkResolver.cpp, line 766]
Event: 74.243 Thread 0x0000028add759eb0 Exception <a 'sun/nio/fs/WindowsException'{0x0000000708b69e40}> (0x0000000708b69e40) 
thrown [t:\workspace\open\src\hotspot\share\prims\jni.cpp, line 516]

VM Operations (20 events):
Event: 85.742 Executing VM operation: G1Concurrent done
Event: 86.014 Executing VM operation: G1CollectForAllocation
Event: 86.018 Executing VM operation: G1CollectForAllocation done
Event: 86.279 Executing VM operation: HandshakeAllThreads
Event: 86.279 Executing VM operation: HandshakeAllThreads done
Event: 86.301 Executing VM operation: HandshakeAllThreads
Event: 86.301 Executing VM operation: HandshakeAllThreads done
Event: 86.327 Executing VM operation: HandshakeAllThreads
Event: 86.327 Executing VM operation: HandshakeAllThreads done
Event: 86.332 Executing VM operation: G1CollectForAllocation
Event: 86.338 Executing VM operation: G1CollectForAllocation done
Event: 86.579 Executing VM operation: G1CollectForAllocation
Event: 86.589 Executing VM operation: G1CollectForAllocation done
Event: 86.711 Executing VM operation: G1CollectForAllocation
Event: 86.725 Executing VM operation: G1CollectForAllocation done
Event: 86.830 Executing VM operation: G1CollectForAllocation
Event: 86.842 Executing VM operation: G1CollectForAllocation done
Event: 86.928 Executing VM operation: G1CollectForAllocation
Event: 86.940 Executing VM operation: G1CollectForAllocation done
Event: 87.034 Executing VM operation: G1CollectForAllocation

Events (20 events):
Event: 86.345 Thread 0x0000028adb41abc0 flushing nmethod 0x0000028ac046bd90
Event: 86.345 Thread 0x0000028adb41abc0 flushing nmethod 0x0000028ac0488410
Event: 86.345 Thread 0x0000028adb41abc0 flushing nmethod 0x0000028ac0488c10
Event: 86.345 Thread 0x0000028adb41abc0 flushing nmethod 0x0000028ac04a5c10
Event: 86.345 Thread 0x0000028adb41abc0 flushing nmethod 0x0000028ac04a8010
Event: 86.345 Thread 0x0000028adb41abc0 flushing nmethod 0x0000028ac04a8c90
Event: 86.346 Thread 0x0000028adb41abc0 flushing nmethod 0x0000028ac04b2510
Event: 86.346 Thread 0x0000028adb41abc0 flushing nmethod 0x0000028ac04b3590
Event: 86.346 Thread 0x0000028adb41abc0 flushing nmethod 0x0000028ac04b4010
Event: 86.346 Thread 0x0000028adb41abc0 flushing nmethod 0x0000028ac04b5c90
Event: 86.346 Thread 0x0000028adb41abc0 flushing nmethod 0x0000028ac04b6310
Event: 86.346 Thread 0x0000028adb41abc0 flushing nmethod 0x0000028ac04b8010
Event: 86.346 Thread 0x0000028adb41abc0 flushing nmethod 0x0000028ac04b8610
Event: 86.346 Thread 0x0000028adb41abc0 flushing nmethod 0x0000028ac04b9090
Event: 86.346 Thread 0x0000028adb41abc0 flushing nmethod 0x0000028ac04b9610
Event: 86.346 Thread 0x0000028adb41abc0 flushing nmethod 0x0000028ac04bce10
Event: 86.346 Thread 0x0000028adb41abc0 flushing nmethod 0x0000028ac04bde90
Event: 86.346 Thread 0x0000028adb41abc0 flushing nmethod 0x0000028ac04c5b10
Event: 86.346 Thread 0x0000028adb41abc0 flushing nmethod 0x0000028ac04c7a90
Event: 86.346 Thread 0x0000028adb41abc0 flushing nmethod 0x0000028ac04ce190


Dynamic libraries:
0x00007ff7a54e0000 - 0x00007ff7a54f0000 	C:\Program Files\Java\jdk-17.0.3.1\bin\java.exe
0x00007ffa27bb0000 - 0x00007ffa27dc4000 	C:\WINDOWS\SYSTEM32\ntdll.dll
0x00007ffa27850000 - 0x00007ffa27912000 	C:\WINDOWS\System32\KERNEL32.DLL
0x00007ffa25540000 - 0x00007ffa258e3000 	C:\WINDOWS\System32\KERNELBASE.dll
0x00007ffa25420000 - 0x00007ffa25531000 	C:\WINDOWS\System32\ucrtbase.dll
0x00007ffa0ccf0000 - 0x00007ffa0cd08000 	C:\Program Files\Java\jdk-17.0.3.1\bin\jli.dll
0x00007ffa0ef00000 - 0x00007ffa0ef1a000 	C:\Program Files\Java\jdk-17.0.3.1\bin\VCRUNTIME140.dll
0x00007ffa264b0000 - 0x00007ffa2655e000 	C:\WINDOWS\System32\ADVAPI32.dll
0x00007ffa25cd0000 - 0x00007ffa25d77000 	C:\WINDOWS\System32\msvcrt.dll
0x00007ffa26400000 - 0x00007ffa264a4000 	C:\WINDOWS\System32\sechost.dll
0x00007ffa25bb0000 - 0x00007ffa25cc7000 	C:\WINDOWS\System32\RPCRT4.dll
0x00007ffa259c0000 - 0x00007ffa25b6b000 	C:\WINDOWS\System32\USER32.dll
0x00007ffa25190000 - 0x00007ffa251b6000 	C:\WINDOWS\System32\win32u.dll
0x00007ffa078d0000 - 0x00007ffa07b5e000 	C:\WINDOWS\WinSxS\amd64_microsoft.windows.common-controls_6595b64144ccf1df_6.0.22621.1635_none_270f70857386168e\COMCTL32.dll
0x00007ffa25990000 - 0x00007ffa259b9000 	C:\WINDOWS\System32\GDI32.dll
0x00007ffa25070000 - 0x00007ffa25189000 	C:\WINDOWS\System32\gdi32full.dll
0x00007ffa258f0000 - 0x00007ffa2598a000 	C:\WINDOWS\System32\msvcp_win.dll
0x00007ffa1e0c0000 - 0x00007ffa1e0ca000 	C:\WINDOWS\SYSTEM32\VERSION.dll
0x00007ffa25b70000 - 0x00007ffa25ba1000 	C:\WINDOWS\System32\IMM32.DLL
0x00007ffa1f740000 - 0x00007ffa1f74c000 	C:\Program Files\Java\jdk-17.0.3.1\bin\vcruntime140_1.dll
0x00007ff9dfe70000 - 0x00007ff9dfefd000 	C:\Program Files\Java\jdk-17.0.3.1\bin\msvcp140.dll
0x00007ff9bdbc0000 - 0x00007ff9be780000 	C:\Program Files\Java\jdk-17.0.3.1\bin\server\jvm.dll
0x00007ffa27840000 - 0x00007ffa27848000 	C:\WINDOWS\System32\PSAPI.DLL
0x00007ffa21500000 - 0x00007ffa21509000 	C:\WINDOWS\SYSTEM32\WSOCK32.dll
0x00007ffa1de60000 - 0x00007ffa1de94000 	C:\WINDOWS\SYSTEM32\WINMM.dll
0x00007ffa26340000 - 0x00007ffa263b1000 	C:\WINDOWS\System32\WS2_32.dll
0x00007ffa24060000 - 0x00007ffa24078000 	C:\WINDOWS\SYSTEM32\kernel.appcore.dll
0x00007ffa1e730000 - 0x00007ffa1e73a000 	C:\Program Files\Java\jdk-17.0.3.1\bin\jimage.dll
0x00007ffa0ffc0000 - 0x00007ffa101ee000 	C:\WINDOWS\SYSTEM32\DBGHELP.DLL
0x00007ffa25fb0000 - 0x00007ffa26339000 	C:\WINDOWS\System32\combase.dll
0x00007ffa27920000 - 0x00007ffa279f7000 	C:\WINDOWS\System32\OLEAUT32.dll
0x00007ffa0a7d0000 - 0x00007ffa0a802000 	C:\WINDOWS\SYSTEM32\dbgcore.DLL
0x00007ffa25330000 - 0x00007ffa253ab000 	C:\WINDOWS\System32\bcryptPrimitives.dll
0x00007ffa10ca0000 - 0x00007ffa10cae000 	C:\Program Files\Java\jdk-17.0.3.1\bin\instrument.dll
0x00007ffa0bbc0000 - 0x00007ffa0bbe5000 	C:\Program Files\Java\jdk-17.0.3.1\bin\java.dll
0x00007ff9dbd30000 - 0x00007ff9dbe06000 	C:\Program Files\Java\jdk-17.0.3.1\bin\jsvml.dll
0x00007ffa268a0000 - 0x00007ffa2709a000 	C:\WINDOWS\System32\SHELL32.dll
0x00007ffa22f70000 - 0x00007ffa2383e000 	C:\WINDOWS\SYSTEM32\windows.storage.dll
0x00007ffa22e30000 - 0x00007ffa22f6e000 	C:\WINDOWS\SYSTEM32\wintypes.dll
0x00007ffa27a10000 - 0x00007ffa27b01000 	C:\WINDOWS\System32\SHCORE.dll
0x00007ffa27b10000 - 0x00007ffa27b6e000 	C:\WINDOWS\System32\shlwapi.dll
0x00007ffa24ee0000 - 0x00007ffa24f01000 	C:\WINDOWS\SYSTEM32\profapi.dll
0x00007ffa08320000 - 0x00007ffa08338000 	C:\Program Files\Java\jdk-17.0.3.1\bin\zip.dll
0x00007ffa0c200000 - 0x00007ffa0c219000 	C:\Program Files\Java\jdk-17.0.3.1\bin\net.dll
0x00007ffa1d8e0000 - 0x00007ffa1da17000 	C:\WINDOWS\SYSTEM32\WINHTTP.dll
0x00007ffa24510000 - 0x00007ffa24579000 	C:\WINDOWS\system32\mswsock.dll
0x00007ffa0bc10000 - 0x00007ffa0bc26000 	C:\Program Files\Java\jdk-17.0.3.1\bin\nio.dll
0x00007ffa19a20000 - 0x00007ffa19a3a000 	F:\Program Files\JetBrains\IntelliJ IDEA Community Edition 2022.3.1\bin\breakgen64.dll
0x00007ffa10dd0000 - 0x00007ffa10de0000 	C:\Program Files\Java\jdk-17.0.3.1\bin\verify.dll
0x00007ffa0ef30000 - 0x00007ffa0ef39000 	C:\Program Files\Java\jdk-17.0.3.1\bin\management.dll
0x00007ffa0ef20000 - 0x00007ffa0ef2b000 	C:\Program Files\Java\jdk-17.0.3.1\bin\management_ext.dll
0x00007ffa1e8c0000 - 0x00007ffa1e8d7000 	C:\WINDOWS\system32\napinsp.dll
0x00007ffa0bad0000 - 0x00007ffa0baeb000 	C:\WINDOWS\system32\pnrpnsp.dll
0x00007ffa23b80000 - 0x00007ffa23c73000 	C:\WINDOWS\SYSTEM32\DNSAPI.dll
0x00007ffa23b10000 - 0x00007ffa23b3d000 	C:\WINDOWS\SYSTEM32\IPHLPAPI.DLL
0x00007ffa27240000 - 0x00007ffa27249000 	C:\WINDOWS\System32\NSI.dll
0x00007ffa0bab0000 - 0x00007ffa0bac1000 	C:\WINDOWS\System32\winrnr.dll
0x00007ffa1d6c0000 - 0x00007ffa1d6d5000 	C:\WINDOWS\system32\wshbth.dll
0x00007ff9fb470000 - 0x00007ff9fb491000 	C:\WINDOWS\system32\nlansp_c.dll
0x00007ffa1c510000 - 0x00007ffa1c594000 	C:\WINDOWS\System32\fwpuclnt.dll
0x00007ffa1c430000 - 0x00007ffa1c43a000 	C:\Windows\System32\rasadhlp.dll
0x00007ffa247b0000 - 0x00007ffa247cb000 	C:\WINDOWS\SYSTEM32\CRYPTSP.dll
0x00007ffa24020000 - 0x00007ffa24055000 	C:\WINDOWS\system32\rsaenh.dll
0x00007ffa245b0000 - 0x00007ffa245d8000 	C:\WINDOWS\SYSTEM32\USERENV.dll
0x00007ffa24960000 - 0x00007ffa24988000 	C:\WINDOWS\SYSTEM32\bcrypt.dll
0x00007ffa24710000 - 0x00007ffa2471c000 	C:\WINDOWS\SYSTEM32\CRYPTBASE.dll
0x00007ffa1e0d0000 - 0x00007ffa1e0e9000 	C:\WINDOWS\SYSTEM32\dhcpcsvc6.DLL
0x00007ffa1d770000 - 0x00007ffa1d78f000 	C:\WINDOWS\SYSTEM32\dhcpcsvc.DLL
0x00007ffa0c9a0000 - 0x00007ffa0c9ae000 	C:\Program Files\Java\jdk-17.0.3.1\bin\sunmscapi.dll
0x00007ffa251c0000 - 0x00007ffa25327000 	C:\WINDOWS\System32\CRYPT32.dll
0x00007ffa24930000 - 0x00007ffa2495e000 	C:\WINDOWS\SYSTEM32\ncrypt.dll
0x00007ffa248d0000 - 0x00007ffa24907000 	C:\WINDOWS\SYSTEM32\NTASN1.dll
0x00007ffa07f20000 - 0x00007ffa07f28000 	C:\WINDOWS\system32\wshunix.dll

dbghelp: loaded successfully - version: 4.0.5 - missing functions: none
symbol engine: initialized successfully - sym options: 0x614 - pdb path: .;C:\Program Files\Java\jdk-17.0.3.1\bin;C:\WINDOWS\SYSTEM32;C:\WINDOWS\WinSxS\amd64_microsoft.windows.common-controls_6595b64144ccf1df_6.0.22621.1635_none_270f70857386168e;C:\Program Files\Java\jdk-17.0.3.1\bin\server;F:\Program Files\JetBrains\IntelliJ IDEA Community Edition 2022.3.1\bin

VM Arguments:
jvm_args: -javaagent:F:\Program Files\JetBrains\IntelliJ IDEA Community Edition 2022.3.1\lib\idea_rt.jar=63530:F:\Program Files\JetBrains\IntelliJ IDEA Community Edition 2022.3.1\bin -Dfile.encoding=UTF-8 -Djava.net.preferIPv4Stack=true 
java_command: com.doyatama.university.UniversityExamApplication
java_class_path (initial): F:\Document\Kuliah\Skripsi\Program\backend\mysql\target\classes;C:\Users\Doyatama\.m2\repository\org\springframework\boot\spring-boot-starter-data-jpa\2.5.5\spring-boot-starter-data-jpa-2.5.5.jar;C:\Users\Doyatama\.m2\repository\org\springframework\boot\spring-boot-starter-aop\2.5.5\spring-boot-starter-aop-2.5.5.jar;C:\Users\Doyatama\.m2\repository\org\aspectj\aspectjweaver\1.9.7\aspectjweaver-1.9.7.jar;C:\Users\Doyatama\.m2\repository\org\springframework\boot\spring-boot-starter-jdbc\2.5.5\spring-boot-starter-jdbc-2.5.5.jar;C:\Users\Doyatama\.m2\repository\com\zaxxer\HikariCP\4.0.3\HikariCP-4.0.3.jar;C:\Users\Doyatama\.m2\repository\org\springframework\spring-jdbc\5.3.10\spring-jdbc-5.3.10.jar;C:\Users\Doyatama\.m2\repository\jakarta\transaction\jakarta.transaction-api\1.3.3\jakarta.transaction-api-1.3.3.jar;C:\Users\Doyatama\.m2\repository\jakarta\persistence\jakarta.persistence-api\2.2.3\jakarta.persistence-api-2.2.3.jar;C:\Users\Doyatama\.m2\repository\org\hibernate\hibernate-core\5.4.32.Final\hibernate-core-5.4.32.Final.jar;C:\Users\Doyatama\.m2\repository\org\jboss\logging\jboss-logging\3.4.2.Final\jboss-logging-3.4.2.Final.jar;C:\Users\Doyatama\.m2\repository\org\javassist\javassist\3.27.0-GA\javassist-3.27.0-GA.jar;C:\Users\Doyatama\.m2\repository\net\bytebuddy\byte-buddy\1.10.22\byte-buddy-1.10.22.jar;C:\Users\Doyatama\.m2\repository\antlr\antlr\2.7.7\antlr-2.7.7.jar;C:\Users\Doyatama\.m2\repository\org\jboss\jandex\2.2.3.Final\jandex-2.2.3.Final.jar;C:\Users\Doyatama\.m2\repository\com\fasterxml\classmate\1.5.1\classmate-1.5.1.jar;C:\Users\Doyatama\.m2\repository\org\dom4j\dom4j\2.1.3\dom4j-2.1.3.jar;C:\Users\Doyatama\.m2\repository\org\hibernate\common\hibernate-commons-annotations\5.1.2.Final\hibernate-commons-annotations-5.1.2.Final.jar;C:\Users\Doyatama\.m2\repository\org\glassfish\jaxb\jaxb-runtime\2.3.5\jaxb-runtime-2.3.5.jar;C:\Users\Doyatama\.m2\repository\org\glassfish\jaxb\txw2\2.3.5\txw2-2.3.5.jar;C:\Users\Doyatama\.
Launcher Type: SUN_STANDARD

[Global flags]
     intx CICompilerCount                          = 4                                         {product} {ergonomic}
     uint ConcGCThreads                            = 3                                         {product} {ergonomic}
     uint G1ConcRefinementThreads                  = 10                                        {product} {ergonomic}
   size_t G1HeapRegionSize                         = 2097152                                   {product} {ergonomic}
    uintx GCDrainStackTargetSize                   = 64                                        {product} {ergonomic}
   size_t InitialHeapSize                          = 266338304                                 {product} {ergonomic}
   size_t MarkStackSize                            = 4194304                                   {product} {ergonomic}
   size_t MaxHeapSize                              = 4248829952                                {product} {ergonomic}
   size_t MaxNewSize                               = 2548039680                                {product} {ergonomic}
   size_t MinHeapDeltaBytes                        = 2097152                                   {product} {ergonomic}
   size_t MinHeapSize                              = 8388608                                   {product} {ergonomic}
    uintx NonNMethodCodeHeapSize                   = 5839372                                {pd product} {ergonomic}
    uintx NonProfiledCodeHeapSize                  = 122909434                              {pd product} {ergonomic}
    uintx ProfiledCodeHeapSize                     = 122909434                              {pd product} {ergonomic}
    uintx ReservedCodeCacheSize                    = 251658240                              {pd product} {ergonomic}
     bool SegmentedCodeCache                       = true                                      {product} {ergonomic}
   size_t SoftMaxHeapSize                          = 4248829952                             {manageable} {ergonomic}
     bool UseCompressedClassPointers               = true                           {product lp64_product} {ergonomic}
     bool UseCompressedOops                        = true                           {product lp64_product} {ergonomic}
     bool UseG1GC                                  = true                                      {product} {ergonomic}
     bool UseLargePagesIndividualAllocation        = false                                  {pd product} {ergonomic}

Logging:
Log output configuration:
 #0: stdout all=warning uptime,level,tags
 #1: stderr all=off uptime,level,tags

Environment Variables:
JAVA_HOME=C:\Program Files\Java\jdk-11
_JAVA_OPTIONS=-Djava.net.preferIPv4Stack=true
PATH=C:\Program Files\NVIDIA GPU Computing Toolkit\CUDA\v12.1\bin;C:\Program Files\NVIDIA GPU Computing Toolkit\CUDA\v12.1\libnvvp;C:\Program Files (x86)\Common Files\Oracle\Java\javapath;C:\Program Files\Common Files\Oracle\Java\javapath;C:\Program Files (x86)\Common Files\Intel\Shared Files\cpp\bin\Intel64;C:\Program Files (x86)\Common Files\Intel\Shared Libraries\redist\intel64\compiler;C:\Windows\System32;C:\Windows;C:\Windows\System32\wbem;C:\Windows\System32\WindowsPowerShell\v1.0\;C:\Windows\System32\OpenSSH\;C:\Program Files (x86)\NVIDIA Corporation\PhysX\Common;C:\Program Files\NVIDIA Corporation\NVIDIA NvDLISR;C:\Windows\System32;C:\Windows;C:\Windows\System32\wbem;C:\Windows\System32\WindowsPowerShell\v1.0\;C:\Windows\System32\OpenSSH\;C:\ProgramData\chocolatey\bin;F:\xampp-8.2\php;C:\Program Files\PuTTY\;C:\Program Files\Android\Android Studio\jre\bin\;C:\composer;C:\Users\Doyatama\AppData\Local\Pub\Cache\bin;F:\xampp\mysql\bin;E:\Program Files\scrcpy-win64-v1.24;C:\Program Files\Git\cmd;E:\Program Files\nvm;E:\Program Files\nodejs;C:\Program Files (x86)\Microsoft SQL Server\100\Tools\Binn\;C:\Program Files\Microsoft SQL Server\100\Tools\Binn\;C:\Program Files\Microsoft SQL Server\100\DTS\Binn\;E:\flutter\bin;C:\Program Files\dotnet\;F:\Program Files\scrcpy-win64-v1.24;C:\Program Files\Microsoft SQL Server\130\Tools\Binn\;C:\Program Files\Microsoft SQL Server\Client SDK\ODBC\170\Tools\Binn\;C:\Program Files\dotnet;C:\Users\Doyatama\AppData\Local\Programs\Python\Python310;%ANDROID_HOME%\emulator;%ANDROID_HOME%\gradle\bin;%ANDROID_HOME%\platform-tools;%ANDROID_HOME%\tools\bin;%JAVA_HOME%\bin;E:\Gradle\gradle-8.1.1\bin;C:\Users\Doyatama\AppData\Local\Programs\Python\Python310\Scripts;C:\Program Files\NVIDIA Corporation\Nsight Compute 2023.1.1\;F:\Project\Public Composer\deployer\deployer;C:\Program Files\Docker\Docker\resources\bin;C:\Program Files\Java\jdk1.8.0_202\bin;C:\Users\Doyatama\AppData\Local\Microsoft\WindowsApps;C:\Users\Doyatama\AppData\Local\Progr
USERNAME=Doyatama
OS=Windows_NT
PROCESSOR_IDENTIFIER=Intel64 Family 6 Model 165 Stepping 2, GenuineIntel



---------------  S Y S T E M  ---------------

OS:
 Windows 11 , 64 bit Build 22621 (10.0.22621.1778)
OS uptime: 5 days 2:40 hours
Hyper-V role detected

CPU: total 12 (initial active 12) (6 cores per cpu, 2 threads per core) family 6 model 165 stepping 2 microcode 0xe2, cx8, cmov, fxsr, ht, mmx, 3dnowpref, sse, sse2, sse3, ssse3, sse4.1, sse4.2, popcnt, lzcnt, tsc, tscinvbit, avx, avx2, aes, erms, clmul, bmi1, bmi2, adx, fma, vzeroupper, clflush, clflushopt, hv

Memory: 4k page, system-wide physical 16205M (737M free)
TotalPageFile size 26015M (AvailPageFile size 241M)
current process WorkingSet (physical memory assigned to process): 704M, peak: 708M
current process commit charge ("private bytes"): 839M, peak: 1340M

vm_info: Java HotSpot(TM) 64-Bit Server VM (17.0.3.1+2-LTS-6) for windows-amd64 JRE (17.0.3.1+2-LTS-6), built on Apr 25 2022 22:04:21 by "mach5one" with MS VC++ 16.8 / 16.9 (VS2019)

END.
